==================================================================
          NEURO-SYMBOLIC MEMORY GRAPH: METRICS REPORT
==================================================================

1. GRAPH TOPOLOGY (拓扑结构)
-----------------------------------------
Total Nodes:            503
Total Edges:            385
Graph Density:          0.00152
Connected Components:   136
Average Degree:         1.53

2. COGNITIVE DISTRIBUTION (认知分布)
-----------------------------------------
Episodic Events:        362
Semantic Concepts:      141
Abstraction Ratio:      28.03%

3. ALGORITHM PERFORMANCE (算法性能)
-----------------------------------------
Conflict Resolution:    DETECTED & RESOLVED
Implicit Discovery:     Active (Simulated via random walk)
Concept Emergence:      Observed 19 abstraction events
==================================================================
