[INFO] - === STARTED CONSTRUCTION: 497 Atoms ===
[INFO] - 
--- Processing Batch 1 (10 atoms) ---
[DEBUG] -   [Ingest] Node Created: Melanie is swamped with the kids & work....
[DEBUG] -   [Ingest] Node Created: Melanie is asking Caroline what's new....
[DEBUG] -   [Ingest] Node Created: Caroline went to a LGBTQ support group y...
[DEBUG] -   [Ingest] Node Created: Melanie asked Caroline about her experie...
[DEBUG] -   [Ingest] Node Created: Caroline heard inspiring stories at the ...
[DEBUG] -   [Ingest] Node Created: Caroline felt happy and thankful for the...
[DEBUG] -   [Ingest] Node Created: Caroline feels accepted by the support g...
[DEBUG] -   [Ingest] Node Created: Caroline is more courageous to embrace h...
[DEBUG] -   [Ingest] Node Created: Gonna continue my edu and check out care...
[DEBUG] -   [Ingest] Node Created: Melanie is curious about Caroline's care...
[DEBUG] -   [Time] Linked 41764491-b37f-47a6-91c6-f7a35928d60c -> aec623c6-8d9d-44c9-a332-0c182a3aa3a0
[DEBUG] -   [Time] Linked aec623c6-8d9d-44c9-a332-0c182a3aa3a0 -> bcd40616-90b4-4aec-9b09-a52ab22bd2ce
[DEBUG] -   [Time] Linked bcd40616-90b4-4aec-9b09-a52ab22bd2ce -> 61eb2464-2463-4758-95e8-26477f63a6b2
[DEBUG] -   [Time] Linked 61eb2464-2463-4758-95e8-26477f63a6b2 -> fb2077a8-9ac7-47b9-b578-64fabf5bb74f
[DEBUG] -   [Time] Linked fb2077a8-9ac7-47b9-b578-64fabf5bb74f -> 6af21d71-5f2d-4f53-ac68-dfff2d954b98
[DEBUG] -   [Time] Linked 6af21d71-5f2d-4f53-ac68-dfff2d954b98 -> 7cbb9021-d626-4e88-a064-6ceea6fc0ea4
[INFO] -   [Step 1-Time] Built 6 temporal edges for new activities.
[INFO] -   [Step 1-Sem] Bound Intent: 'Caroline feels accepted by the...' -> Activity
[INFO] -   [Step 1-Sem] Bound Intent: 'Caroline is more courageous to...' -> Activity
[INFO] -   [Step 1-Sem] Bound Intent: 'Melanie is curious about Carol...' -> Activity
[INFO] -   [Step 1-Sem] Established 3 semantic bindings.
[INFO] - 
--- Processing Batch 2 (10 atoms) ---
[DEBUG] -   [Ingest] Node Created: Melanie painted a lake sunrise last year...
[DEBUG] -   [Ingest] Node Created: Caroline compliments Melanie's painting...
[DEBUG] -   [Ingest] Node Created: Melanie expresses feelings through paint...
[DEBUG] -   [Ingest] Node Created: Melanie relaxes by painting after a long...
[DEBUG] -   [Ingest] Node Created: Caroline is going to do some research....
[DEBUG] -   [Ingest] Node Created: Caroline agrees with the importance of r...
[DEBUG] -   [Ingest] Node Created: Melanie is going to swim with the kids....
[DEBUG] -   [Ingest] Node Created: Melanie ran a charity race for mental he...
[DEBUG] -   [Ingest] Node Created: Charity races can raise awareness for me...
[DEBUG] -   [Ingest] Node Created: Caroline is proud of Melanie for running...
[DEBUG] -   [Time] Linked 7cbb9021-d626-4e88-a064-6ceea6fc0ea4 -> 290462de-12dd-4a5a-b711-2029d7af08ae
[DEBUG] -   [Time] Linked 290462de-12dd-4a5a-b711-2029d7af08ae -> 409da6bf-b5f8-4cb6-8e19-109eebd4913e
[DEBUG] -   [Time] Linked 409da6bf-b5f8-4cb6-8e19-109eebd4913e -> 7fa1723d-6dd8-4d24-b2e0-cef91bc074f3
[DEBUG] -   [Time] Linked 7fa1723d-6dd8-4d24-b2e0-cef91bc074f3 -> e0952d0d-f2fd-41c4-98d9-737177c63dca
[DEBUG] -   [Time] Linked e0952d0d-f2fd-41c4-98d9-737177c63dca -> 0a83ceec-d9cd-4e87-970b-2aaa5df5c158
[DEBUG] -   [Time] Linked 0a83ceec-d9cd-4e87-970b-2aaa5df5c158 -> 17600ddc-2ea3-425e-a1c1-2b8707000408
[DEBUG] -   [Time] Linked 17600ddc-2ea3-425e-a1c1-2b8707000408 -> 220047fb-35e1-41d4-8e98-40da70b76d02
[DEBUG] -   [Time] Linked 220047fb-35e1-41d4-8e98-40da70b76d02 -> 0db32225-4db2-4e11-91c1-ed3b4af513c8
[INFO] -   [Step 1-Time] Built 8 temporal edges for new activities.
[INFO] -   [Step 1-Sem] Bound Intent: 'Caroline agrees with the impor...' -> Activity
[INFO] -   [Step 1-Sem] Established 1 semantic bindings.
[INFO] - 
--- Processing Batch 3 (10 atoms) ---
[DEBUG] -   [Ingest] Node Created: Caroline thinks making a difference and ...
[DEBUG] -   [Ingest] Node Created: Melanie values self-care....
[DEBUG] -   [Ingest] Node Created: Melanie believes self-care helps her bet...
[DEBUG] -   [Ingest] Node Created: Taking care of ourselves is important....
[DEBUG] -   [Ingest] Node Created: Self-care can be challenging but benefic...
[DEBUG] -   [Ingest] Node Created: Caroline thinks taking care of oneself i...
[DEBUG] -   [Ingest] Node Created: Melanie is carving out some me-time each...
[DEBUG] -   [Ingest] Node Created: Caroline is praising Melanie for her sel...
[DEBUG] -   [Ingest] Node Created: Caroline thinks Melanie is doing an awes...
[DEBUG] -   [Ingest] Node Created: Melanie is planning to go camping with h...
[DEBUG] -   [Time] Linked 0db32225-4db2-4e11-91c1-ed3b4af513c8 -> d00611e0-9760-4026-9bcf-be5d1de8e4b9
[DEBUG] -   [Time] Linked d00611e0-9760-4026-9bcf-be5d1de8e4b9 -> b75a0a58-4faa-4164-bace-396b3332d022
[DEBUG] -   [Time] Linked b75a0a58-4faa-4164-bace-396b3332d022 -> 92dba950-aff0-416f-a266-062b74161026
[INFO] -   [Step 1-Time] Built 3 temporal edges for new activities.
[INFO] -   [Step 1-Sem] Bound Intent: 'Caroline thinks making a diffe...' -> Activity
[INFO] -   [Step 1-Sem] Bound Intent: 'Melanie believes self-care hel...' -> Activity
[INFO] -   [Step 1-Sem] Bound Intent: 'Caroline thinks taking care of...' -> Activity
[INFO] -   [Step 1-Sem] Bound Intent: 'Caroline thinks Melanie is doi...' -> Activity
[INFO] -   [Step 1-Sem] Established 4 semantic bindings.
[INFO] - 
--- Processing Batch 4 (10 atoms) ---
[DEBUG] -   [Ingest] Node Created: Melanie's kids are excited about summer ...
[DEBUG] -   [Ingest] Node Created: Caroline wants to adopt children....
[DEBUG] -   [Ingest] Node Created: Caroline is researching adoption agencie...
[DEBUG] -   [Ingest] Node Created: Melanie thinks Caroline is kind....
[DEBUG] -   [Ingest] Node Created: Melanie believes Caroline's future famil...
[DEBUG] -   [Ingest] Node Created: Caroline values inclusivity and support ...
[DEBUG] -   [Ingest] Node Created: Caroline chose an adoption agency that h...
[DEBUG] -   [Ingest] Node Created: Caroline is determined to provide a safe...
[DEBUG] -   [Ingest] Node Created: Melanie thinks Caroline has a caring hea...
[DEBUG] -   [Ingest] Node Created: Caroline talked about her transgender jo...
[DEBUG] -   [Time] Linked 92dba950-aff0-416f-a266-062b74161026 -> 6db9408d-666c-4e86-8e72-3b9ec8409be6
[DEBUG] -   [Time] Linked 6db9408d-666c-4e86-8e72-3b9ec8409be6 -> 5f89a4a3-5186-48d8-8109-40a5880d16dd
[DEBUG] -   [Time] Linked 5f89a4a3-5186-48d8-8109-40a5880d16dd -> 88425c1d-70c2-430e-a7f4-27719d3adaa3
[DEBUG] -   [Time] Linked 88425c1d-70c2-430e-a7f4-27719d3adaa3 -> 6910d035-57c7-403b-9657-ff217d64518d
[INFO] -   [Step 1-Time] Built 4 temporal edges for new activities.
[INFO] -   [Step 1-Sem] Bound Intent: 'Melanie thinks Caroline is kin...' -> Activity
[INFO] -   [Step 1-Sem] Bound Intent: 'Melanie believes Caroline's fu...' -> Activity
[INFO] -   [Step 1-Sem] Bound Intent: 'Caroline is determined to prov...' -> Activity
[INFO] -   [Step 1-Sem] Bound Intent: 'Melanie thinks Caroline has a ...' -> Activity
[INFO] -   [Step 1-Sem] Established 4 semantic bindings.
[INFO] - 
--- Processing Batch 5 (10 atoms) ---
[DEBUG] -   [Ingest] Node Created: Caroline encouraged students to get invo...
[DEBUG] -   [Ingest] Node Created: Spreading awareness and encouraging invo...
[DEBUG] -   [Ingest] Node Created: Melanie thinks Caroline has inspired man...
[DEBUG] -   [Ingest] Node Created: Caroline felt powerful giving her talk...
[DEBUG] -   [Ingest] Node Created: Caroline saw the audience relate to her ...
[DEBUG] -   [Ingest] Node Created: Talking about inclusivity and acceptance...
[DEBUG] -   [Ingest] Node Created: Melanie acknowledges Caroline's bravery ...
[DEBUG] -   [Ingest] Node Created: Melanie feels proud to be part of Caroli...
[DEBUG] -   [Ingest] Node Created: Melanie believes in the importance of co...
[DEBUG] -   [Ingest] Node Created: Sharing experiences promotes understandi...
[DEBUG] -   [Time] Linked 6910d035-57c7-403b-9657-ff217d64518d -> ca54c3c5-4941-4ce3-9849-e775cca9f211
[DEBUG] -   [Time] Linked ca54c3c5-4941-4ce3-9849-e775cca9f211 -> 2104dfff-9279-4b8a-88b4-8e9fcd70e8e0
[INFO] -   [Step 1-Time] Built 2 temporal edges for new activities.
[INFO] -   [Step 1-Sem] Bound Intent: 'Melanie thinks Caroline has in...' -> Activity
[INFO] -   [Step 1-Sem] Bound Intent: 'Caroline felt powerful giving ...' -> Activity
[INFO] -   [Step 1-Sem] Bound Intent: 'Caroline saw the audience rela...' -> Activity
[INFO] -   [Step 1-Sem] Bound Intent: 'Melanie feels proud to be part...' -> Activity
[INFO] -   [Step 1-Sem] Bound Intent: 'Melanie believes in the import...' -> Activity
[INFO] -   [Step 1-Sem] Established 5 semantic bindings.
[INFO] - 
--- Processing Batch 6 (10 atoms) ---
[DEBUG] -   [Ingest] Node Created: Caroline feels it's important to help pr...
[DEBUG] -   [Ingest] Node Created: Caroline feels blessed with love and sup...
[DEBUG] -   [Ingest] Node Created: Caroline wants to pass on love and suppo...
[DEBUG] -   [Ingest] Node Created: Talking about personal experiences can i...
[DEBUG] -   [Ingest] Node Created: Sharing one's story can help others feel...
[DEBUG] -   [Ingest] Node Created: Melanie thanks Caroline for promoting lo...
[DEBUG] -   [Ingest] Node Created: Melanie believes that vulnerability fost...
[DEBUG] -   [Ingest] Node Created: Melanie values Caroline's efforts in cre...
[DEBUG] -   [Ingest] Node Created: Caroline feels grateful for the chance t...
[DEBUG] -   [Ingest] Node Created: Caroline believes in building a more inc...
[DEBUG] -   [Time] Linked 2104dfff-9279-4b8a-88b4-8e9fcd70e8e0 -> 3fbd891f-7229-4529-99eb-6fe2cfa3c115
[DEBUG] -   [Time] Linked 3fbd891f-7229-4529-99eb-6fe2cfa3c115 -> dac262a4-8dfc-44d3-b3d6-029b80a0790d
[INFO] -   [Step 1-Time] Built 2 temporal edges for new activities.
[INFO] -   [Step 1-Sem] Bound Intent: 'Caroline feels blessed with lo...' -> Activity
[INFO] -   [Step 1-Sem] Bound Intent: 'Caroline wants to pass on love...' -> Activity
[INFO] -   [Step 1-Sem] Bound Intent: 'Melanie believes that vulnerab...' -> Activity
[INFO] -   [Step 1-Sem] Bound Intent: 'Melanie values Caroline's effo...' -> Activity
[INFO] -   [Step 1-Sem] Bound Intent: 'Caroline feels grateful for th...' -> Activity
[INFO] -   [Step 1-Sem] Bound Intent: 'Caroline believes in building ...' -> Activity
[INFO] -   [Step 1-Sem] Established 6 semantic bindings.
[INFO] - 
--- Processing Batch 7 (10 atoms) ---
[DEBUG] -   [Ingest] Node Created: Caroline plans to continue using her voi...
[DEBUG] -   [Ingest] Node Created: Melanie joined Caroline's journey....
[DEBUG] -   [Ingest] Node Created: Caroline believes she and Melanie can ta...
[DEBUG] -   [Ingest] Node Created: Melanie wants to be courageous for her f...
[DEBUG] -   [Ingest] Node Created: Caroline has friends, family, and mentor...
[DEBUG] -   [Ingest] Node Created: Melanie commented on a photo from Caroli...
[DEBUG] -   [Ingest] Node Created: Caroline has been friends with her curre...
[DEBUG] -   [Ingest] Node Created: Melanie has a husband and kids....
[DEBUG] -   [Ingest] Node Created: Caroline is curious about how long Melan...
[DEBUG] -   [Ingest] Node Created: Melanie has been married for 5 years....
[DEBUG] -   [Time] Linked dac262a4-8dfc-44d3-b3d6-029b80a0790d -> b1e3287c-71ff-4946-9076-429dea99b9f7
[DEBUG] -   [Time] Linked b1e3287c-71ff-4946-9076-429dea99b9f7 -> 6af10bf2-7a2d-4837-b67b-4d3029763240
[INFO] -   [Step 1-Time] Built 2 temporal edges for new activities.
[INFO] -   [Step 1-Sem] Bound Intent: 'Caroline plans to continue usi...' -> Activity
[INFO] -   [Step 1-Sem] Bound Intent: 'Caroline believes she and Mela...' -> Activity
[INFO] -   [Step 1-Sem] Bound Intent: 'Caroline is curious about how ...' -> Activity
[INFO] -   [Step 1-Sem] Established 3 semantic bindings.
[INFO] - 
--- Processing Batch 8 (10 atoms) ---
[DEBUG] -   [Ingest] Node Created: Melanie wore a dress....
[DEBUG] -   [Ingest] Node Created: Caroline congratulated Melanie on her we...
[DEBUG] -   [Ingest] Node Created: Melanie appreciates Caroline's kind word...
[DEBUG] -   [Ingest] Node Created: Melanie looks forward to more happy year...
[DEBUG] -   [Ingest] Node Created: Caroline asks Melanie how her day was...
[DEBUG] -   [Ingest] Node Created: Melanie played games...
[DEBUG] -   [Ingest] Node Created: Melanie hung out with family...
[DEBUG] -   [Ingest] Node Created: Melanie thinks family moments make life ...
[DEBUG] -   [Ingest] Node Created: Caroline cherishes time with family....
[DEBUG] -   [Ingest] Node Created: Caroline values family deeply....
[DEBUG] -   [Time] Linked 6af10bf2-7a2d-4837-b67b-4d3029763240 -> ca3aefb5-584d-45ae-bb4d-fe2a1208f24f
[DEBUG] -   [Time] Linked ca3aefb5-584d-45ae-bb4d-fe2a1208f24f -> fbaa7bbf-34ec-43cd-a703-435b65b9becf
[DEBUG] -   [Time] Linked fbaa7bbf-34ec-43cd-a703-435b65b9becf -> 3422471c-8401-44e8-833c-85c1d8fc3ea1
[DEBUG] -   [Time] Linked 3422471c-8401-44e8-833c-85c1d8fc3ea1 -> b6a1deba-a7c6-4477-823c-1d12ddc00d57
[DEBUG] -   [Time] Linked b6a1deba-a7c6-4477-823c-1d12ddc00d57 -> 164ce245-24d9-4b7b-8a96-b05e1b7d04fd
[DEBUG] -   [Time] Linked 164ce245-24d9-4b7b-8a96-b05e1b7d04fd -> cd696c35-4368-4397-9739-d19314aa6125
[DEBUG] -   [Time] Linked cd696c35-4368-4397-9739-d19314aa6125 -> f5f75ff2-5d1d-413b-a3c7-0434e95f9144
[INFO] -   [Step 1-Time] Built 7 temporal edges for new activities.
[INFO] -   [Step 1-Sem] Bound Intent: 'Melanie thinks family moments ...' -> Activity
[INFO] -   [Step 1-Sem] Bound Intent: 'Caroline cherishes time with f...' -> Activity
[INFO] -   [Step 1-Sem] Established 2 semantic bindings.
[INFO] - 
--- Processing Batch 9 (10 atoms) ---
[DEBUG] -   [Ingest] Node Created: Caroline cherishes gifts from her family...
[DEBUG] -   [Ingest] Node Created: Necklaces can symbolize emotions and val...
[DEBUG] -   [Ingest] Node Created: Gifts often carry sentimental value....
[DEBUG] -   [Ingest] Node Created: Caroline received a necklace from her gr...
[DEBUG] -   [Ingest] Node Created: Caroline wears the necklace as a reminde...
[DEBUG] -   [Ingest] Node Created: Caroline feels connected to her heritage...
[DEBUG] -   [Ingest] Node Created: Items can hold significant meaning to pe...
[DEBUG] -   [Ingest] Node Created: Melanie took her fam camping in the moun...
[DEBUG] -   [Ingest] Node Created: Melanie explored nature...
[DEBUG] -   [Ingest] Node Created: Melanie went on a hike...
[DEBUG] -   [Time] Linked f5f75ff2-5d1d-413b-a3c7-0434e95f9144 -> a77ee521-8d75-4903-933e-8366ae55120e
[DEBUG] -   [Time] Linked a77ee521-8d75-4903-933e-8366ae55120e -> ac3fa55c-7af8-4368-9a0a-07d4dfc6eadd
[DEBUG] -   [Time] Linked ac3fa55c-7af8-4368-9a0a-07d4dfc6eadd -> e4f2a49b-dc3a-44b5-ad6a-9e86e3e88755
[DEBUG] -   [Time] Linked e4f2a49b-dc3a-44b5-ad6a-9e86e3e88755 -> a37196c8-be71-4033-b53f-ff286c2cc2c1
[DEBUG] -   [Time] Linked a37196c8-be71-4033-b53f-ff286c2cc2c1 -> cb6f059f-b284-4fb2-9803-8b7e5c1b1720
[INFO] -   [Step 1-Time] Built 5 temporal edges for new activities.
[INFO] -   [Step 1-Sem] Bound Intent: 'Caroline feels connected to he...' -> Activity
[INFO] -   [Step 1-Sem] Established 1 semantic bindings.
[INFO] - 
--- Processing Batch 10 (10 atoms) ---
[DEBUG] -   [Ingest] Node Created: Melanie had a view from the top of the m...
[DEBUG] -   [Ingest] Node Created: Caroline thinks family moments are speci...
[DEBUG] -   [Ingest] Node Created: Caroline is interested in counseling and...
[DEBUG] -   [Ingest] Node Created: LGBTQ+ counseling workshops exist....
[DEBUG] -   [Ingest] Node Created: Different therapeutic methods can be use...
[DEBUG] -   [Ingest] Node Created: Caroline went to an LGBTQ+ counseling wo...
[DEBUG] -   [Ingest] Node Created: Caroline is thinking of working with tra...
[DEBUG] -   [Ingest] Node Created: Caroline feels passionate about making a...
[DEBUG] -   [Ingest] Node Created: Caroline is interested in supporting tra...
[DEBUG] -   [Ingest] Node Created: Melanie finds Caroline's dedication insp...
[DEBUG] -   [Time] Linked cb6f059f-b284-4fb2-9803-8b7e5c1b1720 -> 8b67b9b7-e87c-4316-82eb-d72cd113191d
[DEBUG] -   [Time] Linked 8b67b9b7-e87c-4316-82eb-d72cd113191d -> 0c9a07ed-b8fc-4932-9418-7fa5ba64f8d3
[DEBUG] -   [Time] Linked 0c9a07ed-b8fc-4932-9418-7fa5ba64f8d3 -> 3223775a-c4ef-4f0a-aaa7-1b5811aef10a
[INFO] -   [Step 1-Time] Built 3 temporal edges for new activities.
[INFO] -   [Step 1-Sem] Bound Intent: 'Caroline thinks family moments...' -> Activity
[INFO] -   [Step 1-Sem] Bound Intent: 'Caroline feels passionate abou...' -> Activity
[INFO] -   [Step 1-Sem] Bound Intent: 'Caroline is interested in supp...' -> Activity
[INFO] -   [Step 1-Sem] Bound Intent: 'Melanie finds Caroline's dedic...' -> Activity
[INFO] -   [Step 1-Sem] Established 4 semantic bindings.
[INFO] - 
--- Processing Batch 11 (10 atoms) ---
[DEBUG] -   [Ingest] Node Created: Caroline values support and has a person...
[DEBUG] -   [Ingest] Node Created: Caroline feels motivated to help others ...
[DEBUG] -   [Ingest] Node Created: Melanie thinks Caroline's passion and ha...
[DEBUG] -   [Ingest] Node Created: Caroline went to an LGBTQ+ pride parade ...
[DEBUG] -   [Ingest] Node Created: Caroline felt a sense of belonging at th...
[DEBUG] -   [Ingest] Node Created: Pride parades celebrate LGBTQ+ community...
[DEBUG] -   [Ingest] Node Created: Support and love are important for commu...
[DEBUG] -   [Ingest] Node Created: Caroline talked to the LGBTQ+ community ...
[DEBUG] -   [Ingest] Node Created: Caroline is thinking about using her sto...
[DEBUG] -   [Ingest] Node Created: Melanie signed up for a pottery class ye...
[DEBUG] -   [Time] Linked 3223775a-c4ef-4f0a-aaa7-1b5811aef10a -> f7d89044-60ca-4e3f-b339-bbc9f450b15e
[DEBUG] -   [Time] Linked f7d89044-60ca-4e3f-b339-bbc9f450b15e -> 93b5163d-4f41-4e8f-bd55-4edd257d5dde
[DEBUG] -   [Time] Linked 93b5163d-4f41-4e8f-bd55-4edd257d5dde -> 0169783e-1905-4e97-a6f4-55833305b692
[DEBUG] -   [Time] Linked 0169783e-1905-4e97-a6f4-55833305b692 -> 8526dd58-c258-4133-959d-ef5e0ca76ade
[INFO] -   [Step 1-Time] Built 4 temporal edges for new activities.
[INFO] -   [Step 1-Sem] Bound Intent: 'Caroline feels motivated to he...' -> Activity
[INFO] -   [Step 1-Sem] Bound Intent: 'Melanie thinks Caroline's pass...' -> Activity
[INFO] -   [Step 1-Sem] Bound Intent: 'Caroline felt a sense of belon...' -> Activity
[INFO] -   [Step 1-Sem] Established 3 semantic bindings.
[INFO] - 
--- Processing Batch 12 (10 atoms) ---
[DEBUG] -   [Ingest] Node Created: Caroline is learning the piano...
[DEBUG] -   [Ingest] Node Created: Melanie tried pottery...
[DEBUG] -   [Ingest] Node Created: Pottery is a creative and calming activi...
[DEBUG] -   [Ingest] Node Created: Melanie is showing something related to ...
[DEBUG] -   [Ingest] Node Created: Caroline thinks Melanie's pottery bowl i...
[DEBUG] -   [Ingest] Node Created: Melanie made a bowl in a pottery class....
[DEBUG] -   [Ingest] Node Created: Caroline compliments Melanie's pottery w...
[DEBUG] -   [Ingest] Node Created: Caroline acknowledges the effort Melanie...
[DEBUG] -   [Ingest] Node Created: Melanie is expressive and finds joy in p...
[DEBUG] -   [Ingest] Node Created: Melanie feels that pottery helps her exp...
[DEBUG] -   [Time] Linked 8526dd58-c258-4133-959d-ef5e0ca76ade -> 6ef7bdd5-88e0-4a2f-8fd2-589017334c72
[DEBUG] -   [Time] Linked 6ef7bdd5-88e0-4a2f-8fd2-589017334c72 -> 8f5aa11b-c1bf-4cf8-a78a-de59689d1a74
[DEBUG] -   [Time] Linked 8f5aa11b-c1bf-4cf8-a78a-de59689d1a74 -> af188cfb-af0a-4949-9ccf-4c3a2221d640
[DEBUG] -   [Time] Linked af188cfb-af0a-4949-9ccf-4c3a2221d640 -> 9858f375-30fb-48db-961c-0b54dadb0c84
[DEBUG] -   [Time] Linked 9858f375-30fb-48db-961c-0b54dadb0c84 -> b28bbbbe-a005-4cf3-8780-dadcaf1e110e
[DEBUG] -   [Time] Linked b28bbbbe-a005-4cf3-8780-dadcaf1e110e -> e890a2ba-f500-406a-8a20-9421d86d23e7
[DEBUG] -   [Time] Linked e890a2ba-f500-406a-8a20-9421d86d23e7 -> 7cecaba6-6e66-4585-afd0-48517ce29383
[INFO] -   [Step 1-Time] Built 7 temporal edges for new activities.
[INFO] -   [Step 1-Sem] Bound Intent: 'Melanie feels that pottery hel...' -> Activity
[INFO] -   [Step 1-Sem] Established 1 semantic bindings.
[INFO] -   [Step 5-Abs] Detecting dense subgraphs for concept emergence...
[INFO] -   [Step 5-Abs] 🌟 NEW CONCEPT EMERGED: 'Emergent Pattern: User consistently focuses on family' (Abstracting 5 events)
[INFO] - 
--- Processing Batch 13 (10 atoms) ---
[DEBUG] -   [Ingest] Node Created: Caroline admires Melanie's emotional exp...
[DEBUG] -   [Ingest] Node Created: Melanie is excited to see where pottery ...
[DEBUG] -   [Ingest] Node Created: Caroline is attending a transgender conf...
[DEBUG] -   [Ingest] Node Created: Caroline is excited to meet other people...
[DEBUG] -   [Ingest] Node Created: Melanie wishes Caroline well at the tran...
[DEBUG] -   [Ingest] Node Created: Melanie wants to know what Caroline has ...
[DEBUG] -   [Ingest] Node Created: Caroline is passionate about helping peo...
[DEBUG] -   [Ingest] Node Created: Caroline finds the work tough but reward...
[DEBUG] -   [Ingest] Node Created: Melanie took the kids to the museum....
[DEBUG] -   [Ingest] Node Created: Caroline asks about what excited Melanie...
[DEBUG] -   [Time] Linked 7cecaba6-6e66-4585-afd0-48517ce29383 -> 6d57db00-f306-4e8d-a516-90090e078f89
[DEBUG] -   [Time] Linked 6d57db00-f306-4e8d-a516-90090e078f89 -> b07e1658-b1a1-4059-9423-0878fb6687fc
[DEBUG] -   [Time] Linked b07e1658-b1a1-4059-9423-0878fb6687fc -> ab4449a0-5743-4e77-8eff-fa88b4816429
[DEBUG] -   [Time] Linked ab4449a0-5743-4e77-8eff-fa88b4816429 -> f9ed3907-60eb-4d1e-8444-50b0acb6fc66
[DEBUG] -   [Time] Linked f9ed3907-60eb-4d1e-8444-50b0acb6fc66 -> fb5dd908-b263-4601-a67e-aaaf657b1243
[INFO] -   [Step 1-Time] Built 5 temporal edges for new activities.
[INFO] -   [Step 1-Sem] Bound Intent: 'Caroline is excited to meet ot...' -> Activity
[INFO] -   [Step 1-Sem] Bound Intent: 'Melanie wants to know what Car...' -> Activity
[INFO] -   [Step 1-Sem] Bound Intent: 'Caroline finds the work tough ...' -> Activity
[INFO] -   [Step 1-Sem] Established 3 semantic bindings.
[INFO] - 
--- Processing Batch 14 (10 atoms) ---
[DEBUG] -   [Ingest] Node Created: Melanie saw the kids' eyes light up....
[DEBUG] -   [Ingest] Node Created: Caroline is creating a library for her f...
[DEBUG] -   [Ingest] Node Created: Caroline is looking forward to reading t...
[DEBUG] -   [Ingest] Node Created: Charlotte's Web is a book....
[DEBUG] -   [Ingest] Node Created: Melanie remembers enjoying 'Charlotte's ...
[DEBUG] -   [Ingest] Node Created: Caroline values friendship and compassio...
[DEBUG] -   [Ingest] Node Created: Caroline appreciates her friends and fam...
[DEBUG] -   [Ingest] Node Created: Friendship and compassion are important ...
[DEBUG] -   [Ingest] Node Created: Melanie asked about friends and family h...
[DEBUG] -   [Ingest] Node Created: Caroline has been receiving support from...
[DEBUG] -   [Time] Linked fb5dd908-b263-4601-a67e-aaaf657b1243 -> 023003c7-1c75-4969-a6cb-42eca6cd47d3
[DEBUG] -   [Time] Linked 023003c7-1c75-4969-a6cb-42eca6cd47d3 -> 81a28723-4ad7-4fb6-8c66-c84d81386d6b
[DEBUG] -   [Time] Linked 81a28723-4ad7-4fb6-8c66-c84d81386d6b -> 3cf94c6b-d3af-45df-9ddb-5b5cd3cc7f1a
[DEBUG] -   [Time] Linked 3cf94c6b-d3af-45df-9ddb-5b5cd3cc7f1a -> a23e2a73-87ea-4887-a365-489f82e82931
[INFO] -   [Step 1-Time] Built 4 temporal edges for new activities.
[INFO] -   [Step 1-Sem] Bound Intent: 'Caroline is looking forward to...' -> Activity
[INFO] -   [Step 1-Sem] Bound Intent: 'Melanie remembers enjoying 'Ch...' -> Activity
[INFO] -   [Step 1-Sem] Established 2 semantic bindings.
[INFO] - 
--- Processing Batch 15 (10 atoms) ---
[DEBUG] -   [Ingest] Node Created: Melanie shared a picture of her family c...
[DEBUG] -   [Ingest] Node Created: LGBTQ conferences exist...
[DEBUG] -   [Ingest] Node Created: Trans rights are important...
[DEBUG] -   [Ingest] Node Created: Awareness of trans issues is valuable...
[DEBUG] -   [Ingest] Node Created: Caroline met and connected with people w...
[DEBUG] -   [Ingest] Node Created: Caroline believes fighting for trans rig...
[DEBUG] -   [Ingest] Node Created: Melanie thinks events like conferences a...
[DEBUG] -   [Ingest] Node Created: LGBTQ rights have progressed but more wo...
[DEBUG] -   [Ingest] Node Created: Melanie thinks there's more work to be d...
[DEBUG] -   [Ingest] Node Created: Caroline struggled with mental health....
[DEBUG] -   [Time] Linked a23e2a73-87ea-4887-a365-489f82e82931 -> 5d22ab34-1075-48b1-9db1-26ea4e577f19
[DEBUG] -   [Time] Linked 5d22ab34-1075-48b1-9db1-26ea4e577f19 -> 4f6e4ce1-3243-40c3-b1f7-6fc40fd557f8
[DEBUG] -   [Time] Linked 4f6e4ce1-3243-40c3-b1f7-6fc40fd557f8 -> 73bf4d7e-67fa-4b6a-94b8-446e52182e0f
[INFO] -   [Step 1-Time] Built 3 temporal edges for new activities.
[INFO] -   [Step 1-Sem] Bound Intent: 'Caroline believes fighting for...' -> Activity
[INFO] -   [Step 1-Sem] Bound Intent: 'Melanie thinks there's more wo...' -> Activity
[INFO] -   [Step 1-Sem] Established 2 semantic bindings.
[INFO] - 
--- Processing Batch 16 (10 atoms) ---
[DEBUG] -   [Ingest] Node Created: Caroline started looking into counseling...
[DEBUG] -   [Ingest] Node Created: Reading books can inspire personal growt...
[DEBUG] -   [Ingest] Node Created: Melanie thinks pursuing dreams is import...
[DEBUG] -   [Ingest] Node Created: Books can guide, motivate, and help disc...
[DEBUG] -   [Ingest] Node Created: Caroline values the role of books in her...
[DEBUG] -   [Ingest] Node Created: Becoming Nicole is a true story about a ...
[DEBUG] -   [Ingest] Node Created: Caroline read 'Becoming Nicole' by Amy E...
[DEBUG] -   [Ingest] Node Created: Caroline feels connected and hopeful aft...
[DEBUG] -   [Ingest] Node Created: Caroline learned self-acceptance and fou...
[DEBUG] -   [Ingest] Node Created: Caroline realized tough times don't last...
[DEBUG] -   [Time] Linked 73bf4d7e-67fa-4b6a-94b8-446e52182e0f -> b7854ec6-d5ad-41d5-839f-27d286472f5a
[DEBUG] -   [Time] Linked b7854ec6-d5ad-41d5-839f-27d286472f5a -> f14b9a42-103e-469f-a14f-50cd65ea5224
[DEBUG] -   [Time] Linked f14b9a42-103e-469f-a14f-50cd65ea5224 -> c18e62fe-bf0c-4509-aec0-b58ae63d7dae
[DEBUG] -   [Time] Linked c18e62fe-bf0c-4509-aec0-b58ae63d7dae -> a6affbc6-b7ce-444a-b26b-c99e02d6c537
[INFO] -   [Step 1-Time] Built 4 temporal edges for new activities.
[INFO] -   [Step 1-Sem] Bound Intent: 'Melanie thinks pursuing dreams...' -> Activity
[INFO] -   [Step 1-Sem] Bound Intent: 'Caroline values the role of bo...' -> Activity
[INFO] -   [Step 1-Sem] Bound Intent: 'Caroline feels connected and h...' -> Activity
[INFO] -   [Step 1-Sem] Established 3 semantic bindings.
[INFO] -   [Step 5-Abs] Detecting dense subgraphs for concept emergence...
[INFO] -   [Step 5-Abs] 🌟 NEW CONCEPT EMERGED: 'Emergent Pattern: User consistently focuses on work' (Abstracting 5 events)
[INFO] - 
--- Processing Batch 17 (10 atoms) ---
[DEBUG] -   [Ingest] Node Created: Melanie discussed the lessons from 'Beco...
[DEBUG] -   [Ingest] Node Created: Melanie agreed with Caroline about the i...
[DEBUG] -   [Ingest] Node Created: Melanie expressed agreement about pets b...
[DEBUG] -   [Ingest] Node Created: Melanie has a dog and a cat....
[DEBUG] -   [Ingest] Node Created: Caroline finds joy in pets...
[DEBUG] -   [Ingest] Node Created: Melanie got some new shoes....
[DEBUG] -   [Ingest] Node Created: Melanie has a dog named Luna and a cat n...
[DEBUG] -   [Ingest] Node Created: Melanie thinks running is a great way to...
[DEBUG] -   [Ingest] Node Created: Caroline is curious about Melanie's inte...
[DEBUG] -   [Ingest] Node Created: Caroline thinks mental health is importa...
[DEBUG] -   [Time] Linked a6affbc6-b7ce-444a-b26b-c99e02d6c537 -> e4e55be9-78ee-4dd5-a2e3-56595be1b12f
[DEBUG] -   [Time] Linked e4e55be9-78ee-4dd5-a2e3-56595be1b12f -> 26db1c39-54d0-428c-a574-c0eef02e14a8
[DEBUG] -   [Time] Linked 26db1c39-54d0-428c-a574-c0eef02e14a8 -> e8798cba-d50f-463c-890c-d2de41d3c712
[DEBUG] -   [Time] Linked e8798cba-d50f-463c-890c-d2de41d3c712 -> 5aea4f34-c6cc-4f70-8ef0-5ca3f85fcc92
[DEBUG] -   [Time] Linked 5aea4f34-c6cc-4f70-8ef0-5ca3f85fcc92 -> 2e28f8e1-675e-4cf6-9845-01737679a5de
[DEBUG] -   [Time] Linked 2e28f8e1-675e-4cf6-9845-01737679a5de -> 792a6d6f-2cbf-4f5b-9463-2cbd29e2aea4
[DEBUG] -   [Time] Linked 792a6d6f-2cbf-4f5b-9463-2cbd29e2aea4 -> f739fbf8-0135-4682-be0a-0836e266fbb7
[INFO] -   [Step 1-Time] Built 7 temporal edges for new activities.
[INFO] -   [Step 1-Sem] Bound Intent: 'Melanie thinks running is a gr...' -> Activity
[INFO] -   [Step 1-Sem] Bound Intent: 'Caroline is curious about Mela...' -> Activity
[INFO] -   [Step 1-Sem] Bound Intent: 'Caroline thinks mental health ...' -> Activity
[INFO] -   [Step 1-Sem] Established 3 semantic bindings.
[INFO] - 
--- Processing Batch 18 (10 atoms) ---
[DEBUG] -   [Ingest] Node Created: Melanie values mental health....
[DEBUG] -   [Ingest] Node Created: Melanie feels that running has positivel...
[DEBUG] -   [Ingest] Node Created: They all made their own pots....
[DEBUG] -   [Ingest] Node Created: Melanie and her kids made their own pots...
[DEBUG] -   [Ingest] Node Created: Melanie thinks the pottery workshop was ...
[DEBUG] -   [Ingest] Node Created: Melanie was excited to see her kids' cre...
[DEBUG] -   [Ingest] Node Created: Caroline asks about other creative proje...
[DEBUG] -   [Ingest] Node Created: Melanie paints with her kids recently...
[DEBUG] -   [Ingest] Node Created: Caroline thinks Melanie's painting is am...
[DEBUG] -   [Ingest] Node Created: Melanie and her kids painted a nature-in...
[DEBUG] -   [Time] Linked f739fbf8-0135-4682-be0a-0836e266fbb7 -> 6a93288d-b172-402e-8aa2-b0a394d81d02
[DEBUG] -   [Time] Linked 6a93288d-b172-402e-8aa2-b0a394d81d02 -> ba7441f2-e3fc-4dcd-a1a4-0e7c115b4e9c
[DEBUG] -   [Time] Linked ba7441f2-e3fc-4dcd-a1a4-0e7c115b4e9c -> ed2d2fa6-bfdc-44ce-a98c-8ebeb6627037
[DEBUG] -   [Time] Linked ed2d2fa6-bfdc-44ce-a98c-8ebeb6627037 -> 035614dd-d503-4e3b-9d4f-016c27f42b7a
[DEBUG] -   [Time] Linked 035614dd-d503-4e3b-9d4f-016c27f42b7a -> 06c74340-642e-4e8d-8ed7-d1bb170212a5
[DEBUG] -   [Time] Linked 06c74340-642e-4e8d-8ed7-d1bb170212a5 -> 73a75b7a-d32f-4112-881d-cb6a7ba2192a
[INFO] -   [Step 1-Time] Built 6 temporal edges for new activities.
[INFO] -   [Step 1-Sem] Bound Intent: 'Melanie feels that running has...' -> Activity
[INFO] -   [Step 1-Sem] Bound Intent: 'Melanie thinks the pottery wor...' -> Activity
[INFO] -   [Step 1-Sem] Bound Intent: 'Melanie was excited to see her...' -> Activity
[INFO] -   [Step 1-Sem] Established 3 semantic bindings.
[INFO] - 
--- Processing Batch 19 (10 atoms) ---
[DEBUG] -   [Ingest] Node Created: Caroline is determined to adopt....
[DEBUG] -   [Ingest] Node Created: Caroline feels inspired and emotional af...
[DEBUG] -   [Ingest] Node Created: Melanie thinks positively about Caroline...
[DEBUG] -   [Ingest] Node Created: subject=Caroline, verb=feels, object=rel...
[DEBUG] -   [Ingest] Node Created: Sunflowers mean warmth and happiness....
[DEBUG] -   [Ingest] Node Created: Roses stand for love and beauty....
[DEBUG] -   [Ingest] Node Created: Melanie associates flowers with joy, gro...
[DEBUG] -   [Ingest] Node Created: Flowers represent growth, beauty, and re...
[DEBUG] -   [Ingest] Node Created: Melanie discussed her wedding decor whic...
[DEBUG] -   [Ingest] Node Created: Melanie thinks flowers are important in ...
[DEBUG] -   [Time] Linked 73a75b7a-d32f-4112-881d-cb6a7ba2192a -> 43a149ae-b29f-4e96-a19b-9b9b20d7e59d
[DEBUG] -   [Time] Linked 43a149ae-b29f-4e96-a19b-9b9b20d7e59d -> a9f27b01-cd90-4dc6-bcce-712a7110bb46
[INFO] -   [Step 1-Time] Built 2 temporal edges for new activities.
[INFO] -   [Step 1-Sem] Bound Intent: 'Caroline feels inspired and em...' -> Activity
[INFO] -   [Step 1-Sem] Bound Intent: 'Melanie thinks flowers are imp...' -> Activity
[INFO] -   [Step 1-Sem] Established 2 semantic bindings.
[INFO] - 
--- Processing Batch 20 (10 atoms) ---
[DEBUG] -   [Ingest] Node Created: Melanie celebrated her wedding...
[DEBUG] -   [Ingest] Node Created: Caroline considers the pride parade a to...
[DEBUG] -   [Ingest] Node Created: Caroline felt the vibes were amazing and...
[DEBUG] -   [Ingest] Node Created: Caroline felt inspired by the love and a...
[DEBUG] -   [Ingest] Node Created: Caroline is comfortable expressing herse...
[DEBUG] -   [Ingest] Node Created: Caroline realized she can be herself wit...
[DEBUG] -   [Ingest] Node Created: Caroline feels it is freeing to express ...
[DEBUG] -   [Ingest] Node Created: Melanie recognizes the importance of bei...
[DEBUG] -   [Ingest] Node Created: Caroline reflects on her journey and exp...
[DEBUG] -   [Ingest] Node Created: Melanie is finding peace through creativ...
[DEBUG] -   [Time] Linked a9f27b01-cd90-4dc6-bcce-712a7110bb46 -> 477d4a63-c7bf-4dd0-b8c7-ee3249c93303
[DEBUG] -   [Time] Linked 477d4a63-c7bf-4dd0-b8c7-ee3249c93303 -> 221fa3fa-e718-414d-b25c-1989eee81fa1
[DEBUG] -   [Time] Linked 221fa3fa-e718-414d-b25c-1989eee81fa1 -> e6db4322-9903-40b3-b813-dacc89ca4039
[DEBUG] -   [Time] Linked e6db4322-9903-40b3-b813-dacc89ca4039 -> 4ca14703-f7fe-403b-9b62-97745d265c45
[DEBUG] -   [Time] Linked 4ca14703-f7fe-403b-9b62-97745d265c45 -> 11801a9b-b7db-47ee-abd6-8fe76d0192d8
[INFO] -   [Step 1-Time] Built 5 temporal edges for new activities.
[INFO] -   [Step 1-Sem] Bound Intent: 'Caroline considers the pride p...' -> Activity
[INFO] -   [Step 1-Sem] Bound Intent: 'Caroline felt the vibes were a...' -> Activity
[INFO] -   [Step 1-Sem] Bound Intent: 'Caroline feels it is freeing t...' -> Activity
[INFO] -   [Step 1-Sem] Established 3 semantic bindings.
[INFO] - 
--- Processing Batch 21 (10 atoms) ---
[DEBUG] -   [Ingest] Node Created: Caroline asked Melanie how her family ha...
[DEBUG] -   [Ingest] Node Created: Melanie's fam helped out...
[DEBUG] -   [Ingest] Node Created: Melanie's fam showed lots of love and su...
[DEBUG] -   [Ingest] Node Created: Caroline expresses appreciation for Mela...
[DEBUG] -   [Ingest] Node Created: Melanie and her family went on another c...
[DEBUG] -   [Ingest] Node Created: Caroline asks Melanie about other activi...
[DEBUG] -   [Ingest] Node Created: Caroline thinks exploring nature and fam...
[DEBUG] -   [Ingest] Node Created: Melanie shares her favorite memories wit...
[DEBUG] -   [Ingest] Node Created: Melanie is glad Caroline is there to sha...
[DEBUG] -   [Ingest] Node Created: Caroline thinks Melanie is awesome....
[DEBUG] -   [Time] Linked 11801a9b-b7db-47ee-abd6-8fe76d0192d8 -> afbab0ff-f2f1-470d-a024-e2931290ac30
[DEBUG] -   [Time] Linked afbab0ff-f2f1-470d-a024-e2931290ac30 -> d1bdc8ad-bf1f-40b0-976e-66e019adaf96
[DEBUG] -   [Time] Linked d1bdc8ad-bf1f-40b0-976e-66e019adaf96 -> 2316d464-2c07-44f9-8d94-2ec593f72d29
[DEBUG] -   [Time] Linked 2316d464-2c07-44f9-8d94-2ec593f72d29 -> e04e3559-ec2e-4029-b084-01f0bc16d42c
[DEBUG] -   [Time] Linked e04e3559-ec2e-4029-b084-01f0bc16d42c -> 5e6a9da1-324d-4422-a9d6-6e0e8716c485
[DEBUG] -   [Time] Linked 5e6a9da1-324d-4422-a9d6-6e0e8716c485 -> 663e40c2-9554-4149-8d0b-b4a7958a2bbd
[DEBUG] -   [Time] Linked 663e40c2-9554-4149-8d0b-b4a7958a2bbd -> 64b70090-7087-406a-a62d-955316432043
[INFO] -   [Step 1-Time] Built 7 temporal edges for new activities.
[INFO] -   [Step 1-Sem] Bound Intent: 'Caroline thinks exploring natu...' -> Activity
[INFO] -   [Step 1-Sem] Bound Intent: 'Melanie is glad Caroline is th...' -> Activity
[INFO] -   [Step 1-Sem] Bound Intent: 'Caroline thinks Melanie is awe...' -> Activity
[INFO] -   [Step 1-Sem] Established 3 semantic bindings.
[INFO] - 
--- Processing Batch 22 (10 atoms) ---
[DEBUG] -   [Ingest] Node Created: Melanie values her friendship with Carol...
[DEBUG] -   [Ingest] Node Created: Caroline thinks Melanie's friendship is ...
[DEBUG] -   [Ingest] Node Created: Melanie had a quiet weekend after campin...
[DEBUG] -   [Ingest] Node Created: Caroline joined a mentorship program for...
[DEBUG] -   [Ingest] Node Created: Caroline shares her experience in the me...
[DEBUG] -   [Ingest] Node Created: Caroline has met some amazing young folk...
[DEBUG] -   [Ingest] Node Created: Caroline supports the mentees in the men...
[DEBUG] -   [Ingest] Node Created: Young people's resilience is impressive....
[DEBUG] -   [Ingest] Node Created: Melanie thinks young people's resilience...
[DEBUG] -   [Ingest] Node Created: Caroline mentors a transgender teen...
[DEBUG] -   [Time] Linked 64b70090-7087-406a-a62d-955316432043 -> 9f40b34d-168f-43e8-89f0-9b060431e0a9
[DEBUG] -   [Time] Linked 9f40b34d-168f-43e8-89f0-9b060431e0a9 -> 1d21ec1d-e3be-4acd-b2dc-ae968a5a7bc3
[DEBUG] -   [Time] Linked 1d21ec1d-e3be-4acd-b2dc-ae968a5a7bc3 -> d6804b55-6c65-4147-9755-ff805a4d2150
[DEBUG] -   [Time] Linked d6804b55-6c65-4147-9755-ff805a4d2150 -> 79e2af6f-3d2b-45cc-9951-0c86d03e6462
[DEBUG] -   [Time] Linked 79e2af6f-3d2b-45cc-9951-0c86d03e6462 -> d5d31257-c3c1-4901-aae7-7868a0621dce
[DEBUG] -   [Time] Linked d5d31257-c3c1-4901-aae7-7868a0621dce -> 3b23a3ce-9c59-4485-b394-9ee04defc228
[INFO] -   [Step 1-Time] Built 6 temporal edges for new activities.
[INFO] -   [Step 1-Sem] Bound Intent: 'Melanie values her friendship ...' -> Activity
[INFO] -   [Step 1-Sem] Bound Intent: 'Caroline thinks Melanie's frie...' -> Activity
[INFO] -   [Step 1-Sem] Bound Intent: 'Melanie thinks young people's ...' -> Activity
[INFO] -   [Step 1-Sem] Established 3 semantic bindings.
[INFO] - 
--- Processing Batch 23 (10 atoms) ---
[DEBUG] -   [Ingest] Node Created: Melanie asks Caroline about her mentorin...
[DEBUG] -   [Ingest] Node Created: Caroline found the pride event encouragi...
[DEBUG] -   [Ingest] Node Created: Melanie asks Caroline about the best par...
[DEBUG] -   [Ingest] Node Created: Melanie asks Caroline about future LGBTQ...
[DEBUG] -   [Ingest] Node Created: Caroline is having an LGBTQ art show nex...
[DEBUG] -   [Ingest] Node Created: Melanie is looking forward to seeing Car...
[DEBUG] -   [Ingest] Node Created: Melanie thinks Caroline's painting is aw...
[DEBUG] -   [Ingest] Node Created: Caroline painted a painting after visiti...
[DEBUG] -   [Ingest] Node Created: Caroline wanted to capture everyone's un...
[DEBUG] -   [Ingest] Node Created: Caroline said hi to Melanie....
[DEBUG] -   [Time] Linked 3b23a3ce-9c59-4485-b394-9ee04defc228 -> a1a91b3f-4cca-4a88-b5a9-8aa428346904
[DEBUG] -   [Time] Linked a1a91b3f-4cca-4a88-b5a9-8aa428346904 -> cce1ae71-22d2-4d0a-90b6-1ad5ee88578a
[DEBUG] -   [Time] Linked cce1ae71-22d2-4d0a-90b6-1ad5ee88578a -> d11b4225-8260-40d4-8bbd-7f100947c029
[DEBUG] -   [Time] Linked d11b4225-8260-40d4-8bbd-7f100947c029 -> 7982242d-7d77-4cc8-ae7f-380f158fb8af
[DEBUG] -   [Time] Linked 7982242d-7d77-4cc8-ae7f-380f158fb8af -> 87806232-9cd7-48fa-8b63-ec182160554f
[DEBUG] -   [Time] Linked 87806232-9cd7-48fa-8b63-ec182160554f -> 2a386fa9-d626-4590-8c86-49c09e854b56
[DEBUG] -   [Time] Linked 2a386fa9-d626-4590-8c86-49c09e854b56 -> 9a0090f7-3d80-441b-8338-0a3210bd3a5e
[INFO] -   [Step 1-Time] Built 7 temporal edges for new activities.
[INFO] -   [Step 1-Sem] Bound Intent: 'Caroline found the pride event...' -> Activity
[INFO] -   [Step 1-Sem] Bound Intent: 'Melanie thinks Caroline's pain...' -> Activity
[INFO] -   [Step 1-Sem] Bound Intent: 'Caroline wanted to capture eve...' -> Activity
[INFO] -   [Step 1-Sem] Established 3 semantic bindings.
[INFO] - 
--- Processing Batch 24 (10 atoms) ---
[DEBUG] -   [Ingest] Node Created: Caroline joined a new LGBTQ activist gro...
[DEBUG] -   [Ingest] Node Created: Caroline finds it fulfilling to be part ...
[DEBUG] -   [Ingest] Node Created: Melanie thinks it feels great for Caroli...
[DEBUG] -   [Ingest] Node Created: Caroline meets with the group regularly...
[DEBUG] -   [Ingest] Node Created: Melanie asks Caroline about events or ca...
[DEBUG] -   [Ingest] Node Created: Melanie went to the beach recently....
[DEBUG] -   [Ingest] Node Created: The kids had a blast at the beach....
[DEBUG] -   [Ingest] Node Created: Melanie thinks seeing her kids' happy fa...
[DEBUG] -   [Ingest] Node Created: Caroline asks about Melanie's summer tra...
[DEBUG] -   [Ingest] Node Created: Melanie goes to the beach with her kids...
[DEBUG] -   [Time] Linked 9a0090f7-3d80-441b-8338-0a3210bd3a5e -> d8285f43-dd43-4b82-a215-172e37abba6f
[DEBUG] -   [Time] Linked d8285f43-dd43-4b82-a215-172e37abba6f -> 4a7d4582-b19a-4b96-a523-1c099aeea761
[DEBUG] -   [Time] Linked 4a7d4582-b19a-4b96-a523-1c099aeea761 -> 3b74e1ca-c047-4a4f-97a2-0e32244ad307
[DEBUG] -   [Time] Linked 3b74e1ca-c047-4a4f-97a2-0e32244ad307 -> bd22444c-c594-4be2-b34b-189c8fda8f57
[DEBUG] -   [Time] Linked bd22444c-c594-4be2-b34b-189c8fda8f57 -> 69dda776-58c2-4f8f-8b86-2fddd0df367d
[DEBUG] -   [Time] Linked 69dda776-58c2-4f8f-8b86-2fddd0df367d -> d3d52ed8-b2aa-4bc5-9d5f-8e141f60495c
[DEBUG] -   [Time] Linked d3d52ed8-b2aa-4bc5-9d5f-8e141f60495c -> 55ff6703-9237-44ab-800f-04eeba61d00f
[INFO] -   [Step 1-Time] Built 7 temporal edges for new activities.
[INFO] -   [Step 1-Sem] Bound Intent: 'Caroline finds it fulfilling t...' -> Activity
[INFO] -   [Step 1-Sem] Bound Intent: 'Melanie thinks it feels great ...' -> Activity
[INFO] -   [Step 1-Sem] Bound Intent: 'Melanie thinks seeing her kids...' -> Activity
[INFO] -   [Step 1-Sem] Established 3 semantic bindings.
[INFO] - 
--- Processing Batch 25 (10 atoms) ---
[DEBUG] -   [Ingest] Node Created: Melanie saw the Perseid meteor shower du...
[DEBUG] -   [Ingest] Node Created: Melanie and her family made wishes while...
[DEBUG] -   [Ingest] Node Created: Melanie feels at one with the universe d...
[DEBUG] -   [Ingest] Node Created: The sky can be clear and filled with sta...
[DEBUG] -   [Ingest] Node Created: Melanie feels grateful for small moments...
[DEBUG] -   [Ingest] Node Created: Caroline thinks Melanie's camping trip w...
[DEBUG] -   [Ingest] Node Created: Melanie saw her youngest take her first ...
[DEBUG] -   [Ingest] Node Created: Melanie felt the moment put life into pe...
[DEBUG] -   [Ingest] Node Created: Melanie feels lucky to share these momen...
[DEBUG] -   [Ingest] Node Created: Melanie values family and love....
[DEBUG] -   [Time] Linked 55ff6703-9237-44ab-800f-04eeba61d00f -> 224a8cd9-0489-418e-9b88-c8398e8cf3be
[DEBUG] -   [Time] Linked 224a8cd9-0489-418e-9b88-c8398e8cf3be -> 613cb0f0-b9e3-4971-9876-56c7aa9cdd16
[DEBUG] -   [Time] Linked 613cb0f0-b9e3-4971-9876-56c7aa9cdd16 -> d0d2fbae-f7aa-4379-ad7e-cd3a6e804c90
[DEBUG] -   [Time] Linked d0d2fbae-f7aa-4379-ad7e-cd3a6e804c90 -> 97d9c601-200b-452e-a0e1-c8f6b101073d
[INFO] -   [Step 1-Time] Built 4 temporal edges for new activities.
[INFO] -   [Step 1-Sem] Bound Intent: 'Melanie feels at one with the ...' -> Activity
[INFO] -   [Step 1-Sem] Bound Intent: 'Melanie feels grateful for sma...' -> Activity
[INFO] -   [Step 1-Sem] Bound Intent: 'Caroline thinks Melanie's camp...' -> Activity
[INFO] -   [Step 1-Sem] Bound Intent: 'Melanie feels lucky to share t...' -> Activity
[INFO] -   [Step 1-Sem] Established 4 semantic bindings.
[INFO] - 
--- Processing Batch 26 (10 atoms) ---
[DEBUG] -   [Ingest] Node Created: Celebrating a birthday can involve music...
[DEBUG] -   [Ingest] Node Created: Caroline felt proud and reminded of the ...
[DEBUG] -   [Ingest] Node Created: Melanie thinks it's important to cultiva...
[DEBUG] -   [Ingest] Node Created: Representing inclusivity and diversity i...
[DEBUG] -   [Ingest] Node Created: Speaking up for the LGBTQ+ community and...
[DEBUG] -   [Ingest] Node Created: Caroline shared a recent painting....
[DEBUG] -   [Ingest] Node Created: Melanie asks about how art helps Carolin...
[DEBUG] -   [Ingest] Node Created: Art can be used as a form of expression ...
[DEBUG] -   [Ingest] Node Created: Caroline uses art to explore her transit...
[DEBUG] -   [Ingest] Node Created: Caroline finds art helpful for self-disc...
[DEBUG] -   [Time] Linked 97d9c601-200b-452e-a0e1-c8f6b101073d -> abd8dd1b-d78c-4324-b952-1d4c18cbb2a7
[DEBUG] -   [Time] Linked abd8dd1b-d78c-4324-b952-1d4c18cbb2a7 -> 5c6242f9-fd3e-4932-87fc-617ffbc7c0ce
[INFO] -   [Step 1-Time] Built 2 temporal edges for new activities.
[INFO] -   [Step 1-Sem] Bound Intent: 'Caroline felt proud and remind...' -> Activity
[INFO] -   [Step 1-Sem] Bound Intent: 'Melanie thinks it's important ...' -> Activity
[INFO] -   [Step 1-Sem] Bound Intent: 'Melanie asks about how art hel...' -> Activity
[INFO] -   [Step 1-Sem] Bound Intent: 'Caroline finds art helpful for...' -> Activity
[INFO] -   [Step 1-Sem] Established 4 semantic bindings.
[INFO] - 
--- Processing Batch 27 (10 atoms) ---
[DEBUG] -   [Ingest] Node Created: Art can be healing...
[DEBUG] -   [Ingest] Node Created: Beauty can be found in imperfections...
[DEBUG] -   [Ingest] Node Created: Individuality and imperfection are wonde...
[DEBUG] -   [Ingest] Node Created: Melanie admires Caroline's art...
[DEBUG] -   [Ingest] Node Created: Melanie thanks Caroline for sharing her ...
[DEBUG] -   [Ingest] Node Created: Caroline thinks there's still much work ...
[DEBUG] -   [Ingest] Node Created: Melanie finished another pottery project...
[DEBUG] -   [Ingest] Node Created: Caroline expressed interest in seeing Me...
[DEBUG] -   [Ingest] Node Created: Caroline mentioned she is happy for Mela...
[DEBUG] -   [Ingest] Node Created: Melanie showed a pottery project to Caro...
[DEBUG] -   [Time] Linked 5c6242f9-fd3e-4932-87fc-617ffbc7c0ce -> 12d1b20e-8b72-47bd-a8a9-f2abff76b8a1
[DEBUG] -   [Time] Linked 12d1b20e-8b72-47bd-a8a9-f2abff76b8a1 -> d62ce487-5969-460c-a610-82e7edd14e7b
[DEBUG] -   [Time] Linked d62ce487-5969-460c-a610-82e7edd14e7b -> 6f865841-6bdb-465a-b0c9-bacaccc088db
[DEBUG] -   [Time] Linked 6f865841-6bdb-465a-b0c9-bacaccc088db -> d03fb823-cb04-4f31-b14f-0892fa3d6281
[DEBUG] -   [Time] Linked d03fb823-cb04-4f31-b14f-0892fa3d6281 -> f981df67-0467-41c3-ad38-8afe143464f2
[DEBUG] -   [Time] Linked f981df67-0467-41c3-ad38-8afe143464f2 -> bb77f053-ede8-4c89-9bac-e3330f8647c2
[INFO] -   [Step 1-Time] Built 6 temporal edges for new activities.
[INFO] -   [Step 1-Sem] Bound Intent: 'Caroline thinks there's still ...' -> Activity
[INFO] -   [Step 1-Sem] Established 1 semantic bindings.
[INFO] -   [Step 5-Abs] Detecting dense subgraphs for concept emergence...
[INFO] -   [Step 5-Abs] 🌟 NEW CONCEPT EMERGED: 'Emergent Pattern: User consistently focuses on family' (Abstracting 5 events)
[INFO] - 
--- Processing Batch 28 (10 atoms) ---
[DEBUG] -   [Ingest] Node Created: Melanie is creative and expresses her fe...
[DEBUG] -   [Ingest] Node Created: Melanie painted a bowl....
[DEBUG] -   [Ingest] Node Created: Melanie thinks each stroke of painting c...
[DEBUG] -   [Ingest] Node Created: Art can be a source of self-expression a...
[DEBUG] -   [Ingest] Node Created: Melanie has a strong connection to art....
[DEBUG] -   [Ingest] Node Created: Melanie finds art to be a sanctuary and ...
[DEBUG] -   [Ingest] Node Created: Melanie feels grateful for Caroline's su...
[DEBUG] -   [Ingest] Node Created: Surrounding ourselves with things that b...
[DEBUG] -   [Ingest] Node Created: Caroline believes life is too short to d...
[DEBUG] -   [Ingest] Node Created: Melanie thinks life is tough but fulfill...
[DEBUG] -   [Time] Linked bb77f053-ede8-4c89-9bac-e3330f8647c2 -> 14818aee-ea6b-42cb-b74a-efd29db28559
[INFO] -   [Step 1-Time] Built 1 temporal edges for new activities.
[INFO] -   [Step 1-Sem] Bound Intent: 'Melanie thinks each stroke of ...' -> Activity
[INFO] -   [Step 1-Sem] Bound Intent: 'Melanie feels grateful for Car...' -> Activity
[INFO] -   [Step 1-Sem] Bound Intent: 'Caroline believes life is too ...' -> Activity
[INFO] -   [Step 1-Sem] Bound Intent: 'Melanie thinks life is tough b...' -> Activity
[INFO] -   [Step 1-Sem] Established 4 semantic bindings.
[INFO] - 
--- Processing Batch 29 (10 atoms) ---
[DEBUG] -   [Ingest] Node Created: Caroline thinks finding happy moments is...
[DEBUG] -   [Ingest] Node Created: Caroline values people who remind her to...
[DEBUG] -   [Ingest] Node Created: Melanie suggests a family outing this su...
[DEBUG] -   [Ingest] Node Created: Caroline believes a special plan just be...
[DEBUG] -   [Ingest] Node Created: Caroline hopes Melanie agrees to the pla...
[DEBUG] -   [Ingest] Node Created: Melanie agrees to plan something special...
[DEBUG] -   [Ingest] Node Created: Caroline agrees to plan a special outing...
[DEBUG] -   [Ingest] Node Created: Caroline looks forward to making awesome...
[DEBUG] -   [Ingest] Node Created: Caroline is considering adoption....
[DEBUG] -   [Ingest] Node Created: Caroline has taken steps towards becomin...
[DEBUG] -   [Time] Linked 14818aee-ea6b-42cb-b74a-efd29db28559 -> b62c47f0-83a8-434d-93ee-d59f2f6f38b9
[DEBUG] -   [Time] Linked b62c47f0-83a8-434d-93ee-d59f2f6f38b9 -> 2c3f09ca-976b-4c70-90aa-1930b929a314
[DEBUG] -   [Time] Linked 2c3f09ca-976b-4c70-90aa-1930b929a314 -> b0e78f51-ff94-4c60-97a4-5bc0bc80ab05
[INFO] -   [Step 1-Time] Built 3 temporal edges for new activities.
[INFO] -   [Step 1-Sem] Bound Intent: 'Caroline thinks finding happy ...' -> Activity
[INFO] -   [Step 1-Sem] Bound Intent: 'Caroline values people who rem...' -> Activity
[INFO] -   [Step 1-Sem] Bound Intent: 'Caroline believes a special pl...' -> Activity
[INFO] -   [Step 1-Sem] Bound Intent: 'Caroline hopes Melanie agrees ...' -> Activity
[INFO] -   [Step 1-Sem] Bound Intent: 'Caroline looks forward to maki...' -> Activity
[INFO] -   [Step 1-Sem] Established 5 semantic bindings.
[INFO] - 
--- Processing Batch 30 (10 atoms) ---
[DEBUG] -   [Ingest] Node Created: Adoption involves making a significant l...
[DEBUG] -   [Ingest] Node Created: There are resources available for those ...
[DEBUG] -   [Ingest] Node Created: Caroline attended an adoption advice/ass...
[DEBUG] -   [Ingest] Node Created: Caroline feels ready to give her love to...
[DEBUG] -   [Ingest] Node Created: Caroline has a guinea pig named Oscar....
[DEBUG] -   [Ingest] Node Created: Caroline feels excited and nerve-wrackin...
[DEBUG] -   [Ingest] Node Created: Caroline thinks parenting is a big respo...
[DEBUG] -   [Ingest] Node Created: Caroline is happy with her pet Oscar....
[DEBUG] -   [Ingest] Node Created: Melanie got another cat named Bailey....
[DEBUG] -   [Ingest] Node Created: Veggies are Oliver's favorite food....
[DEBUG] -   [Time] Linked b0e78f51-ff94-4c60-97a4-5bc0bc80ab05 -> 910aa96c-8e8e-492b-9876-9810d9b396bf
[DEBUG] -   [Time] Linked 910aa96c-8e8e-492b-9876-9810d9b396bf -> f0f69e5a-627c-4bd7-a14a-9d126a1ea4d2
[DEBUG] -   [Time] Linked f0f69e5a-627c-4bd7-a14a-9d126a1ea4d2 -> 79771470-24fd-4e8d-9225-f17e41b90c9d
[INFO] -   [Step 1-Time] Built 3 temporal edges for new activities.
[INFO] -   [Step 1-Sem] Bound Intent: 'Caroline feels ready to give h...' -> Activity
[INFO] -   [Step 1-Sem] Bound Intent: 'Caroline thinks parenting is a...' -> Activity
[INFO] -   [Step 1-Sem] Bound Intent: 'Caroline is happy with her pet...' -> Activity
[INFO] -   [Step 1-Sem] Established 3 semantic bindings.
[INFO] - 
--- Processing Batch 31 (10 atoms) ---
[DEBUG] -   [Ingest] Node Created: Caroline showed a picture of Oscar eatin...
[DEBUG] -   [Ingest] Node Created: Melanie fed a horse a carrot....
[DEBUG] -   [Ingest] Node Created: Caroline has a love for horses....
[DEBUG] -   [Ingest] Node Created: Horses are awesome....
[DEBUG] -   [Ingest] Node Created: Melanie showed a photo of her horse pain...
[DEBUG] -   [Ingest] Node Created: Caroline thinks Melanie's horse painting...
[DEBUG] -   [Ingest] Node Created: Caroline painted a self-portrait last we...
[DEBUG] -   [Ingest] Node Created: Caroline thinks painting is great for ex...
[DEBUG] -   [Ingest] Node Created: Caroline feels liberated and empowered w...
[DEBUG] -   [Ingest] Node Created: Caroline uses painting to explore her id...
[DEBUG] -   [Time] Linked 79771470-24fd-4e8d-9225-f17e41b90c9d -> 40919df6-a796-4043-a3f1-8077e14c5110
[DEBUG] -   [Time] Linked 40919df6-a796-4043-a3f1-8077e14c5110 -> 9f031f14-64ad-4de5-90be-7909fecde605
[DEBUG] -   [Time] Linked 9f031f14-64ad-4de5-90be-7909fecde605 -> 62448d36-00fb-4b6c-bfd3-19ba7eb97830
[DEBUG] -   [Time] Linked 62448d36-00fb-4b6c-bfd3-19ba7eb97830 -> f6401e11-6b39-49fb-9fde-a3ffc2ff332d
[INFO] -   [Step 1-Time] Built 4 temporal edges for new activities.
[INFO] -   [Step 1-Sem] Bound Intent: 'Caroline thinks Melanie's hors...' -> Activity
[INFO] -   [Step 1-Sem] Bound Intent: 'Caroline thinks painting is gr...' -> Activity
[INFO] -   [Step 1-Sem] Established 2 semantic bindings.
[INFO] -   [Step 5-Abs] Detecting dense subgraphs for concept emergence...
[INFO] -   [Step 5-Abs] 🌟 NEW CONCEPT EMERGED: 'Emergent Pattern: User consistently focuses on work' (Abstracting 5 events)
[INFO] - 
--- Processing Batch 32 (10 atoms) ---
[DEBUG] -   [Ingest] Node Created: Caroline finds painting therapeutic....
[DEBUG] -   [Ingest] Node Created: Art is a way to express oneself and unde...
[DEBUG] -   [Ingest] Node Created: Caroline is true to herself....
[DEBUG] -   [Ingest] Node Created: Caroline supports LGBTQ rights....
[DEBUG] -   [Ingest] Node Created: Melanie wishes Caroline the best on her ...
[DEBUG] -   [Ingest] Node Created: Caroline tried to apologize to some peop...
[DEBUG] -   [Ingest] Node Created: Melanie heard about Caroline's hiking in...
[DEBUG] -   [Ingest] Node Created: Caroline apologized to the people she ha...
[DEBUG] -   [Ingest] Node Created: Caroline feels it was tough but did the ...
[DEBUG] -   [Ingest] Node Created: Pottery is a creative activity....
[DEBUG] -   [Time] Linked f6401e11-6b39-49fb-9fde-a3ffc2ff332d -> 265e083c-7023-41c5-8486-a247a0f734ae
[DEBUG] -   [Time] Linked 265e083c-7023-41c5-8486-a247a0f734ae -> 9005a93e-e79b-46f0-9787-102fe3eabef0
[INFO] -   [Step 1-Time] Built 2 temporal edges for new activities.
[INFO] -   [Step 1-Sem] Bound Intent: 'Caroline finds painting therap...' -> Activity
[INFO] -   [Step 1-Sem] Bound Intent: 'Caroline tried to apologize to...' -> Activity
[INFO] -   [Step 1-Sem] Bound Intent: 'Caroline feels it was tough bu...' -> Activity
[INFO] -   [Step 1-Sem] Established 3 semantic bindings.
[INFO] - 
--- Processing Batch 33 (10 atoms) ---
[DEBUG] -   [Ingest] Node Created: Pottery can be relaxing....
[DEBUG] -   [Ingest] Node Created: Melanie made a plate in pottery class ye...
[DEBUG] -   [Ingest] Node Created: Caroline has been busy painting...
[DEBUG] -   [Ingest] Node Created: Melanie painted a plate in pottery class...
[DEBUG] -   [Ingest] Node Created: Melanie thinks Caroline's painting looks...
[DEBUG] -   [Ingest] Node Created: Melanie is impressed by the vivid colors...
[DEBUG] -   [Ingest] Node Created: Caroline painted a sunset after visiting...
[DEBUG] -   [Ingest] Node Created: Caroline feels that painting the sunset ...
[DEBUG] -   [Ingest] Node Created: Melanie believes Caroline's painting is ...
[DEBUG] -   [Ingest] Node Created: Caroline feels connected when others app...
[DEBUG] -   [Time] Linked 9005a93e-e79b-46f0-9787-102fe3eabef0 -> 784c3868-de50-4abc-9f5d-ecf67c1d4091
[DEBUG] -   [Time] Linked 784c3868-de50-4abc-9f5d-ecf67c1d4091 -> 08660618-1a75-4381-833c-8ff0ace1e439
[DEBUG] -   [Time] Linked 08660618-1a75-4381-833c-8ff0ace1e439 -> 4e5aa601-cde9-421c-97c3-7ccadb9d50d4
[DEBUG] -   [Time] Linked 4e5aa601-cde9-421c-97c3-7ccadb9d50d4 -> fdcc1290-c2ca-49df-85d0-83a2c56478fa
[INFO] -   [Step 1-Time] Built 4 temporal edges for new activities.
[INFO] -   [Step 1-Sem] Bound Intent: 'Melanie thinks Caroline's pain...' -> Activity
[INFO] -   [Step 1-Sem] Bound Intent: 'Melanie is impressed by the vi...' -> Activity
[INFO] -   [Step 1-Sem] Bound Intent: 'Caroline feels that painting t...' -> Activity
[INFO] -   [Step 1-Sem] Bound Intent: 'Melanie believes Caroline's pa...' -> Activity
[INFO] -   [Step 1-Sem] Bound Intent: 'Caroline feels connected when ...' -> Activity
[INFO] -   [Step 1-Sem] Established 5 semantic bindings.
[INFO] - 
--- Processing Batch 34 (10 atoms) ---
[DEBUG] -   [Ingest] Node Created: Melanie spent the day volunteering at a ...
[DEBUG] -   [Ingest] Node Created: Melanie feels art connects us and helps ...
[DEBUG] -   [Ingest] Node Created: Caroline thinks Melanie's volunteering i...
[DEBUG] -   [Ingest] Node Created: Caroline believes Melanie is an inspirat...
[DEBUG] -   [Ingest] Node Created: Caroline values acceptance, love, and su...
[DEBUG] -   [Ingest] Node Created: The rainbow flag is associated with the ...
[DEBUG] -   [Ingest] Node Created: Caroline finds the rainbow flag mural im...
[DEBUG] -   [Ingest] Node Created: Melanie is in awe of Caroline's courage ...
[DEBUG] -   [Ingest] Node Created: The rainbow flag mural reflects the cour...
[DEBUG] -   [Ingest] Node Created: Caroline made a stained glass window to ...
[DEBUG] -   [Time] Linked fdcc1290-c2ca-49df-85d0-83a2c56478fa -> 6111b835-c0d3-4285-85b8-057c3794f7f1
[DEBUG] -   [Time] Linked 6111b835-c0d3-4285-85b8-057c3794f7f1 -> 27b1daa3-34e8-47ee-b2b9-98c1e4c55585
[DEBUG] -   [Time] Linked 27b1daa3-34e8-47ee-b2b9-98c1e4c55585 -> e475a658-f2b8-4c57-9842-c719782ba2b5
[DEBUG] -   [Time] Linked e475a658-f2b8-4c57-9842-c719782ba2b5 -> a2c679f6-10f4-46a9-8fbd-176ecb40f101
[DEBUG] -   [Time] Linked a2c679f6-10f4-46a9-8fbd-176ecb40f101 -> 24699f68-98e0-404f-bab7-d9e7397f6f1b
[DEBUG] -   [Time] Linked 24699f68-98e0-404f-bab7-d9e7397f6f1b -> bd46e1db-9fde-4df4-9299-925e757ba12a
[INFO] -   [Step 1-Time] Built 6 temporal edges for new activities.
[INFO] -   [Step 1-Sem] Bound Intent: 'Melanie feels art connects us ...' -> Activity
[INFO] -   [Step 1-Sem] Established 1 semantic bindings.
[INFO] - 
--- Processing Batch 35 (10 atoms) ---
[DEBUG] -   [Ingest] Node Created: Caroline made the stained glass window t...
[DEBUG] -   [Ingest] Node Created: Stained glass windows can be used to rep...
[DEBUG] -   [Ingest] Node Created: Caroline made a stained glass window for...
[DEBUG] -   [Ingest] Node Created: Caroline feels her art is a symbol of to...
[DEBUG] -   [Ingest] Node Created: Caroline came across a rainbow sidewalk ...
[DEBUG] -   [Ingest] Node Created: Caroline finds the rainbow sidewalk vibr...
[DEBUG] -   [Ingest] Node Created: Art can be found in unexpected places....
[DEBUG] -   [Ingest] Node Created: Melanie thinks art can be in unlikely pl...
[DEBUG] -   [Ingest] Node Created: Art can boost mood....
[DEBUG] -   [Ingest] Node Created: Creativity can improve someone's day....
[DEBUG] -   [Time] Linked bd46e1db-9fde-4df4-9299-925e757ba12a -> 57caa807-5ebc-4749-a04a-192b08ab05e0
[DEBUG] -   [Time] Linked 57caa807-5ebc-4749-a04a-192b08ab05e0 -> 7dec526e-c829-439e-b6e4-f8e374b6173b
[DEBUG] -   [Time] Linked 7dec526e-c829-439e-b6e4-f8e374b6173b -> 73881062-eb98-4d30-87f7-5c093f0c0270
[INFO] -   [Step 1-Time] Built 3 temporal edges for new activities.
[INFO] -   [Step 1-Sem] Bound Intent: 'Caroline feels her art is a sy...' -> Activity
[INFO] -   [Step 1-Sem] Bound Intent: 'Caroline finds the rainbow sid...' -> Activity
[INFO] -   [Step 1-Sem] Bound Intent: 'Melanie thinks art can be in u...' -> Activity
[INFO] -   [Step 1-Sem] Established 3 semantic bindings.
[INFO] - 
--- Processing Batch 36 (10 atoms) ---
[DEBUG] -   [Ingest] Node Created: Caroline saw someone drawing on the grou...
[DEBUG] -   [Ingest] Node Created: Caroline felt happy seeing the drawing....
[DEBUG] -   [Ingest] Node Created: Caroline believes art can be a real mood...
[DEBUG] -   [Ingest] Node Created: Art can be a source of joy....
[DEBUG] -   [Ingest] Node Created: Caroline values art and finds it joyful....
[DEBUG] -   [Ingest] Node Created: Caroline thinks art can express feelings...
[DEBUG] -   [Ingest] Node Created: Melanie recently completed a painting....
[DEBUG] -   [Ingest] Node Created: Melanie is planning to create more paint...
[DEBUG] -   [Ingest] Node Created: Caroline is super stoked about showing h...
[DEBUG] -   [Ingest] Node Created: Melanie expressed excitement about Carol...
[DEBUG] -   [Time] Linked 73881062-eb98-4d30-87f7-5c093f0c0270 -> 24f92697-767c-4f74-b8b5-263339534f99
[DEBUG] -   [Time] Linked 24f92697-767c-4f74-b8b5-263339534f99 -> 9460c4fa-1822-4647-9a71-5c3e5a7dd470
[DEBUG] -   [Time] Linked 9460c4fa-1822-4647-9a71-5c3e5a7dd470 -> 02a8e324-432a-4984-89c5-27a64f15c0d5
[DEBUG] -   [Time] Linked 02a8e324-432a-4984-89c5-27a64f15c0d5 -> 58606f7f-ab6e-4fb9-be9a-c44e6331fc0e
[DEBUG] -   [Time] Linked 58606f7f-ab6e-4fb9-be9a-c44e6331fc0e -> 93ff88e9-4a8d-445b-9069-e6283eeeeae8
[INFO] -   [Step 1-Time] Built 5 temporal edges for new activities.
[INFO] -   [Step 1-Sem] Bound Intent: 'Caroline believes art can be a...' -> Activity
[INFO] -   [Step 1-Sem] Bound Intent: 'Caroline thinks art can expres...' -> Activity
[INFO] -   [Step 1-Sem] Bound Intent: 'Caroline is super stoked about...' -> Activity
[INFO] -   [Step 1-Sem] Established 3 semantic bindings.
[INFO] - 
--- Processing Batch 37 (10 atoms) ---
[DEBUG] -   [Ingest] Node Created: Melanie believes the LGBTQ community nee...
[DEBUG] -   [Ingest] Node Created: Caroline wants the art show to spread un...
[DEBUG] -   [Ingest] Node Created: Being outdoors can be enjoyable....
[DEBUG] -   [Ingest] Node Created: Caroline finds it gratifying to voluntee...
[DEBUG] -   [Ingest] Node Created: Caroline remembers how essential it is t...
[DEBUG] -   [Ingest] Node Created: Volunteering is a great way to meet peop...
[DEBUG] -   [Ingest] Node Created: Creating community and supporting each o...
[DEBUG] -   [Ingest] Node Created: Caroline volunteered at an LGBTQ+ youth ...
[DEBUG] -   [Ingest] Node Created: Caroline felt fulfilled guiding and supp...
[DEBUG] -   [Ingest] Node Created: Caroline felt it was special to share he...
[DEBUG] -   [Time] Linked 93ff88e9-4a8d-445b-9069-e6283eeeeae8 -> 4635e79d-6fff-4fdc-b92b-f40c975cd6ce
[DEBUG] -   [Time] Linked 4635e79d-6fff-4fdc-b92b-f40c975cd6ce -> dc6e0a48-4686-498c-aff5-84289dd95536
[INFO] -   [Step 1-Time] Built 2 temporal edges for new activities.
[INFO] -   [Step 1-Sem] Bound Intent: 'Caroline wants the art show to...' -> Activity
[INFO] -   [Step 1-Sem] Bound Intent: 'Caroline finds it gratifying t...' -> Activity
[INFO] -   [Step 1-Sem] Bound Intent: 'Caroline remembers how essenti...' -> Activity
[INFO] -   [Step 1-Sem] Bound Intent: 'Caroline felt fulfilled guidin...' -> Activity
[INFO] -   [Step 1-Sem] Bound Intent: 'Caroline felt it was special t...' -> Activity
[INFO] -   [Step 1-Sem] Established 5 semantic bindings.
[INFO] - 
--- Processing Batch 38 (10 atoms) ---
[DEBUG] -   [Ingest] Node Created: Caroline is looking forward to specific ...
[DEBUG] -   [Ingest] Node Created: Caroline is organizing a talent show for...
[DEBUG] -   [Ingest] Node Created: Live music is enjoyable....
[DEBUG] -   [Ingest] Node Created: Music brings people together....
[DEBUG] -   [Ingest] Node Created: Melanie loves live music....
[DEBUG] -   [Ingest] Node Created: Melanie attended a music show....
[DEBUG] -   [Ingest] Node Created: Melanie enjoyed the lively performance....
[DEBUG] -   [Ingest] Node Created: Caroline values expressing herself throu...
[DEBUG] -   [Ingest] Node Created: Music can bring people together and brin...
[DEBUG] -   [Ingest] Node Created: Caroline plays guitar....
[DEBUG] -   [Time] Linked dc6e0a48-4686-498c-aff5-84289dd95536 -> 3d49b240-5866-4d3f-a44d-7d4ffa471252
[DEBUG] -   [Time] Linked 3d49b240-5866-4d3f-a44d-7d4ffa471252 -> bce19063-b187-44c2-bc25-19a734718a12
[DEBUG] -   [Time] Linked bce19063-b187-44c2-bc25-19a734718a12 -> fb556044-fd51-4143-826b-0d9e3218a1f8
[INFO] -   [Step 1-Time] Built 3 temporal edges for new activities.
[INFO] -   [Step 1-Sem] Bound Intent: 'Melanie loves live music....' -> Activity
[INFO] -   [Step 1-Sem] Bound Intent: 'Melanie enjoyed the lively per...' -> Activity
[INFO] -   [Step 1-Sem] Established 2 semantic bindings.
[INFO] - 
--- Processing Batch 39 (10 atoms) ---
[DEBUG] -   [Ingest] Node Created: Music can be cathartic and uplifting....
[DEBUG] -   [Ingest] Node Created: Melanie thinks music is amazing....
[DEBUG] -   [Ingest] Node Created: Caroline listens to 'Brave' by Sara Bare...
[DEBUG] -   [Ingest] Node Created: Caroline thinks about her paths and prog...
[DEBUG] -   [Ingest] Node Created: Melanie thinks positively about Caroline...
[DEBUG] -   [Ingest] Node Created: Music can be inspiring and uplifting....
[DEBUG] -   [Ingest] Node Created: Melanie started playing clarinet when yo...
[DEBUG] -   [Ingest] Node Created: Melanie plays clarinet...
[DEBUG] -   [Ingest] Node Created: Melanie finds playing clarinet an expres...
[DEBUG] -   [Ingest] Node Created: Caroline asks Melanie about favorite tun...
[DEBUG] -   [Time] Linked fb556044-fd51-4143-826b-0d9e3218a1f8 -> 35ecfbc6-afae-4b79-ab7d-b8ac3b495415
[DEBUG] -   [Time] Linked 35ecfbc6-afae-4b79-ab7d-b8ac3b495415 -> e0a8148d-9966-4f9e-a3cf-cae7a3d04b64
[DEBUG] -   [Time] Linked e0a8148d-9966-4f9e-a3cf-cae7a3d04b64 -> b4275265-4ce8-4e88-bdb8-2d91c1f2a26f
[DEBUG] -   [Time] Linked b4275265-4ce8-4e88-bdb8-2d91c1f2a26f -> ad2a68a6-6393-4970-bfb0-d221f0b764d5
[INFO] -   [Step 1-Time] Built 4 temporal edges for new activities.
[INFO] -   [Step 1-Sem] Bound Intent: 'Melanie thinks music is amazin...' -> Activity
[INFO] -   [Step 1-Sem] Bound Intent: 'Caroline thinks about her path...' -> Activity
[INFO] -   [Step 1-Sem] Bound Intent: 'Melanie finds playing clarinet...' -> Activity
[INFO] -   [Step 1-Sem] Established 3 semantic bindings.
[INFO] - 
--- Processing Batch 40 (10 atoms) ---
[DEBUG] -   [Ingest] Node Created: Melanie listens to classical music like ...
[DEBUG] -   [Ingest] Node Created: Melanie listens to modern music like Ed ...
[DEBUG] -   [Ingest] Node Created: Caroline went biking last weekend....
[DEBUG] -   [Ingest] Node Created: Caroline admires Melanie's photo...
[DEBUG] -   [Ingest] Node Created: Caroline finds excitement contagious...
[DEBUG] -   [Ingest] Node Created: Melanie is a parent....
[DEBUG] -   [Ingest] Node Created: Melanie roasted marshmallows and shared ...
[DEBUG] -   [Ingest] Node Created: Caroline is inspired by her work with th...
[DEBUG] -   [Ingest] Node Created: Caroline values the support of her frien...
[DEBUG] -   [Ingest] Node Created: Caroline finds inspiration in creating a...
[DEBUG] -   [Time] Linked ad2a68a6-6393-4970-bfb0-d221f0b764d5 -> 030457e4-8884-4759-9c99-2991ffdd383a
[DEBUG] -   [Time] Linked 030457e4-8884-4759-9c99-2991ffdd383a -> 98b8bedb-f018-4583-ba0d-a5053fd1efab
[DEBUG] -   [Time] Linked 98b8bedb-f018-4583-ba0d-a5053fd1efab -> 19a8678e-d967-44bd-aead-a4db8784ba12
[DEBUG] -   [Time] Linked 19a8678e-d967-44bd-aead-a4db8784ba12 -> 2eae897b-38e5-40eb-991f-76f0a6b29609
[DEBUG] -   [Time] Linked 2eae897b-38e5-40eb-991f-76f0a6b29609 -> 8c9b40dc-6efc-43f4-ab1a-25218e1d930a
[INFO] -   [Step 1-Time] Built 5 temporal edges for new activities.
[INFO] -   [Step 1-Sem] Bound Intent: 'Caroline finds excitement cont...' -> Activity
[INFO] -   [Step 1-Sem] Bound Intent: 'Caroline finds inspiration in ...' -> Activity
[INFO] -   [Step 1-Sem] Established 2 semantic bindings.
[INFO] - 
--- Processing Batch 41 (10 atoms) ---
[DEBUG] -   [Ingest] Node Created: Melanie recently created a pottery piece...
[DEBUG] -   [Ingest] Node Created: Caroline finds art empowering and cathar...
[DEBUG] -   [Ingest] Node Created: Creating art was important to Caroline d...
[DEBUG] -   [Ingest] Node Created: Art helped Caroline understand and accep...
[DEBUG] -   [Ingest] Node Created: Melanie considers trying another art for...
[DEBUG] -   [Ingest] Node Created: Caroline hasn't done pottery yet...
[DEBUG] -   [Ingest] Node Created: Caroline is game for trying new art...
[DEBUG] -   [Ingest] Node Created: Caroline is a trans woman....
[DEBUG] -   [Ingest] Node Created: Red and blue represent the binary gender...
[DEBUG] -   [Ingest] Node Created: Mixing colors can symbolize breaking dow...
[DEBUG] -   [Time] Linked 8c9b40dc-6efc-43f4-ab1a-25218e1d930a -> d03cb0aa-c1e2-4354-b074-42e834174690
[DEBUG] -   [Time] Linked d03cb0aa-c1e2-4354-b074-42e834174690 -> 54364ebc-fed5-4ead-b73c-65cb699bad68
[DEBUG] -   [Time] Linked 54364ebc-fed5-4ead-b73c-65cb699bad68 -> 97faa588-a064-47d0-96b1-3350f0f85493
[INFO] -   [Step 1-Time] Built 3 temporal edges for new activities.
[INFO] -   [Step 1-Sem] Bound Intent: 'Melanie considers trying anoth...' -> Activity
[INFO] -   [Step 1-Sem] Established 1 semantic bindings.
[INFO] -   [Step 5-Abs] Detecting dense subgraphs for concept emergence...
[INFO] -   [Step 5-Abs] 🌟 NEW CONCEPT EMERGED: 'Emergent Pattern: User consistently focuses on family' (Abstracting 5 events)
[INFO] - 
--- Processing Batch 42 (10 atoms) ---
[DEBUG] -   [Ingest] Node Created: Melanie feels proud of Caroline for bein...
[DEBUG] -   [Ingest] Node Created: Caroline reflects on the impact of her j...
[DEBUG] -   [Ingest] Node Created: Melanie reminisces about a good time at ...
[DEBUG] -   [Ingest] Node Created: Melanie appreciates Caroline's concern....
[DEBUG] -   [Ingest] Node Created: Joyful moments show life's beauty....
[DEBUG] -   [Ingest] Node Created: Caroline contacted her mentor for adopti...
[DEBUG] -   [Ingest] Node Created: Caroline is ready to be a mom and share ...
[DEBUG] -   [Ingest] Node Created: Caroline is stoked to start this new cha...
[DEBUG] -   [Ingest] Node Created: Melanie discussed her friend's adoption ...
[DEBUG] -   [Ingest] Node Created: Melanie feels inspired to adopt after he...
[DEBUG] -   [Time] Linked 97faa588-a064-47d0-96b1-3350f0f85493 -> 409cf53e-1b1f-486d-bea4-b6d9d3a72d81
[DEBUG] -   [Time] Linked 409cf53e-1b1f-486d-bea4-b6d9d3a72d81 -> adef80c5-b535-4f2d-a304-1410f0486fcc
[DEBUG] -   [Time] Linked adef80c5-b535-4f2d-a304-1410f0486fcc -> 5cc8ab8a-26be-4fd6-9e98-ae16aeae690d
[DEBUG] -   [Time] Linked 5cc8ab8a-26be-4fd6-9e98-ae16aeae690d -> b0a7a3ab-5426-4e09-b204-bb23acd8e840
[DEBUG] -   [Time] Linked b0a7a3ab-5426-4e09-b204-bb23acd8e840 -> 1dc1749d-d9ed-4b41-b89d-e8113ee0ba61
[DEBUG] -   [Time] Linked 1dc1749d-d9ed-4b41-b89d-e8113ee0ba61 -> 188e463f-a927-46c5-bc8a-4ad86983b8c3
[INFO] -   [Step 1-Time] Built 6 temporal edges for new activities.
[INFO] -   [Step 1-Sem] Bound Intent: 'Melanie feels proud of Carolin...' -> Activity
[INFO] -   [Step 1-Sem] Bound Intent: 'Caroline is stoked to start th...' -> Activity
[INFO] -   [Step 1-Sem] Bound Intent: 'Melanie feels inspired to adop...' -> Activity
[INFO] -   [Step 1-Sem] Established 3 semantic bindings.
[INFO] - 
--- Processing Batch 43 (10 atoms) ---
[DEBUG] -   [Ingest] Node Created: Adoption is a way to add to your family ...
[DEBUG] -   [Ingest] Node Created: Adoption involves researching agencies o...
[DEBUG] -   [Ingest] Node Created: The emotional preparation for adoption i...
[DEBUG] -   [Ingest] Node Created: Melanie got hurt and had to take a break...
[DEBUG] -   [Ingest] Node Created: Melanie is preparing herself emotionally...
[DEBUG] -   [Ingest] Node Created: Caroline expressed concern for Melanie a...
[DEBUG] -   [Ingest] Node Created: Caroline offered help to Melanie....
[DEBUG] -   [Ingest] Node Created: Caroline cares about Melanie's well-bein...
[DEBUG] -   [Ingest] Node Created: Melanie painted a painting last week....
[DEBUG] -   [Ingest] Node Created: Melanie reads books....
[DEBUG] -   [Time] Linked 188e463f-a927-46c5-bc8a-4ad86983b8c3 -> 24ac05b2-6ab0-4da3-bd9a-d84d2d6cc3b6
[DEBUG] -   [Time] Linked 24ac05b2-6ab0-4da3-bd9a-d84d2d6cc3b6 -> cd7ddc58-e4fa-46af-84d9-30eac5f4f820
[DEBUG] -   [Time] Linked cd7ddc58-e4fa-46af-84d9-30eac5f4f820 -> 0c097988-80ec-4e14-a4f7-85cb1e0d4c52
[DEBUG] -   [Time] Linked 0c097988-80ec-4e14-a4f7-85cb1e0d4c52 -> 5cd4de70-1562-411a-8c8b-d4225402f71d
[DEBUG] -   [Time] Linked 5cd4de70-1562-411a-8c8b-d4225402f71d -> 0448ca60-dadb-47d5-aeeb-818a25ad8145
[INFO] -   [Step 1-Time] Built 5 temporal edges for new activities.
[INFO] -   [Step 1-Sem] Bound Intent: 'Melanie is preparing herself e...' -> Activity
[INFO] -   [Step 1-Sem] Bound Intent: 'Caroline cares about Melanie's...' -> Activity
[INFO] -   [Step 1-Sem] Established 2 semantic bindings.
[INFO] - 
--- Processing Batch 44 (10 atoms) ---
[DEBUG] -   [Ingest] Node Created: Caroline has been trying out abstract pa...
[DEBUG] -   [Ingest] Node Created: Caroline finds abstract painting freeing...
[DEBUG] -   [Ingest] Node Created: Melanie painted a calming sunset paintin...
[DEBUG] -   [Ingest] Node Created: Caroline wonders about the feelings Mela...
[DEBUG] -   [Ingest] Node Created: Melanie painted a sunset-inspired painti...
[DEBUG] -   [Ingest] Node Created: Melanie wants to portray tranquility thr...
[DEBUG] -   [Ingest] Node Created: Melanie finds blue calming and uses it t...
[DEBUG] -   [Ingest] Node Created: Art can show emotions....
[DEBUG] -   [Ingest] Node Created: Melanie is curious about Caroline's poet...
[DEBUG] -   [Ingest] Node Created: Poetry readings can be empowering....
[DEBUG] -   [Time] Linked 0448ca60-dadb-47d5-aeeb-818a25ad8145 -> 7f0f9700-0f1b-45d6-b5d4-17f9a34c8b46
[DEBUG] -   [Time] Linked 7f0f9700-0f1b-45d6-b5d4-17f9a34c8b46 -> be6ae4fc-79b8-4e55-8432-a6e0733ed982
[DEBUG] -   [Time] Linked be6ae4fc-79b8-4e55-8432-a6e0733ed982 -> 2b358413-cafc-43d8-b678-70beaa99fc0b
[DEBUG] -   [Time] Linked 2b358413-cafc-43d8-b678-70beaa99fc0b -> 69b14a04-632b-42fa-8318-56c9c37bd4ea
[INFO] -   [Step 1-Time] Built 4 temporal edges for new activities.
[INFO] -   [Step 1-Sem] Bound Intent: 'Caroline wonders about the fee...' -> Activity
[INFO] -   [Step 1-Sem] Bound Intent: 'Melanie wants to portray tranq...' -> Activity
[INFO] -   [Step 1-Sem] Bound Intent: 'Melanie finds blue calming and...' -> Activity
[INFO] -   [Step 1-Sem] Bound Intent: 'Melanie is curious about Carol...' -> Activity
[INFO] -   [Step 1-Sem] Established 4 semantic bindings.
[INFO] - 
--- Processing Batch 45 (10 atoms) ---
[DEBUG] -   [Ingest] Node Created: Transgender people can share their stori...
[DEBUG] -   [Ingest] Node Created: Caroline went to a transgender poetry re...
[DEBUG] -   [Ingest] Node Created: Caroline found the poetry reading powerf...
[DEBUG] -   [Ingest] Node Created: Caroline made some art after the poetry ...
[DEBUG] -   [Ingest] Node Created: Melanie is interested in Caroline's artw...
[DEBUG] -   [Ingest] Node Created: Caroline thinks her drawing stands for f...
[DEBUG] -   [Ingest] Node Created: Caroline shares her feelings about being...
[DEBUG] -   [Ingest] Node Created: Melanie expresses gladness about being o...
[DEBUG] -   [Ingest] Node Created: Melanie had a road trip this past weeken...
[DEBUG] -   [Ingest] Node Created: Melanie's son got into an accident durin...
[DEBUG] -   [Time] Linked 69b14a04-632b-42fa-8318-56c9c37bd4ea -> 5982aaac-4443-4b95-b3db-438ab0bce1bb
[DEBUG] -   [Time] Linked 5982aaac-4443-4b95-b3db-438ab0bce1bb -> 3427e0f1-13bf-4c13-b3a7-036bb52f1126
[DEBUG] -   [Time] Linked 3427e0f1-13bf-4c13-b3a7-036bb52f1126 -> 3f438221-9d0c-4c22-b2ce-f5dbcc1f462e
[DEBUG] -   [Time] Linked 3f438221-9d0c-4c22-b2ce-f5dbcc1f462e -> 56d39225-8a95-4b46-a5a4-5fea33822956
[DEBUG] -   [Time] Linked 56d39225-8a95-4b46-a5a4-5fea33822956 -> ae218e14-f222-4c30-bb14-24b36e6787aa
[DEBUG] -   [Time] Linked ae218e14-f222-4c30-bb14-24b36e6787aa -> 81a0a7bb-b7ef-4214-867e-b11e51549f92
[INFO] -   [Step 1-Time] Built 6 temporal edges for new activities.
[INFO] -   [Step 1-Sem] Bound Intent: 'Caroline found the poetry read...' -> Activity
[INFO] -   [Step 1-Sem] Bound Intent: 'Melanie is interested in Carol...' -> Activity
[INFO] -   [Step 1-Sem] Bound Intent: 'Caroline thinks her drawing st...' -> Activity
[INFO] -   [Step 1-Sem] Established 3 semantic bindings.
[INFO] - 
--- Processing Batch 46 (10 atoms) ---
[DEBUG] -   [Ingest] Node Created: Melanie's son was okay after the acciden...
[DEBUG] -   [Ingest] Node Created: Melanie was scared during the accident....
[DEBUG] -   [Ingest] Node Created: Life is unpredictable....
[DEBUG] -   [Ingest] Node Created: Moments of crisis remind us of the impor...
[DEBUG] -   [Ingest] Node Created: Caroline thinks moments like accidents r...
[DEBUG] -   [Ingest] Node Created: Melanie has been reflecting on the impor...
[DEBUG] -   [Ingest] Node Created: Caroline thinks the kids look cute...
[DEBUG] -   [Ingest] Node Created: Melanie reassured her children after the...
[DEBUG] -   [Ingest] Node Created: Melanie explained to her children that t...
[DEBUG] -   [Ingest] Node Created: Kids have an amazing ability to bounce b...
[DEBUG] -   [Time] Linked 81a0a7bb-b7ef-4214-867e-b11e51549f92 -> ae2603a0-a241-4efa-94a2-919952624452
[DEBUG] -   [Time] Linked ae2603a0-a241-4efa-94a2-919952624452 -> 26aba889-3f5f-4c56-bf57-22283c095021
[DEBUG] -   [Time] Linked 26aba889-3f5f-4c56-bf57-22283c095021 -> d1359ef5-4ad9-4141-8017-9026bb9af4d3
[DEBUG] -   [Time] Linked d1359ef5-4ad9-4141-8017-9026bb9af4d3 -> 038ac99a-c2b6-4ecf-b6a2-8c8aa8e4b339
[DEBUG] -   [Time] Linked 038ac99a-c2b6-4ecf-b6a2-8c8aa8e4b339 -> bf9263ef-d0a6-421a-b0c0-7829984a0229
[INFO] -   [Step 1-Time] Built 5 temporal edges for new activities.
[INFO] -   [Step 1-Sem] Bound Intent: 'Melanie was scared during the ...' -> Activity
[INFO] -   [Step 1-Sem] Bound Intent: 'Caroline thinks moments like a...' -> Activity
[INFO] -   [Step 1-Sem] Established 2 semantic bindings.
[INFO] - 
--- Processing Batch 47 (10 atoms) ---
[DEBUG] -   [Ingest] Node Created: Caroline thinks kids are amazingly resil...
[DEBUG] -   [Ingest] Node Created: Melanie values her family deeply....
[DEBUG] -   [Ingest] Node Created: Strength comes from loved ones in challe...
[DEBUG] -   [Ingest] Node Created: Melanie finds her children's resilience ...
[DEBUG] -   [Ingest] Node Created: Caroline thinks Melanie's love for her f...
[DEBUG] -   [Ingest] Node Created: Caroline says Melanie has people to lean...
[DEBUG] -   [Ingest] Node Created: Melanie says having her family around he...
[DEBUG] -   [Ingest] Node Created: Melanie finds it easier during hard time...
[DEBUG] -   [Ingest] Node Created: Caroline noticed the group had fun...
[DEBUG] -   [Ingest] Node Created: Melanie took a picture recently...
[DEBUG] -   [Time] Linked bf9263ef-d0a6-421a-b0c0-7829984a0229 -> 66adaddd-d4e9-44ca-a7b5-5009876cbe8f
[DEBUG] -   [Time] Linked 66adaddd-d4e9-44ca-a7b5-5009876cbe8f -> a01b4252-be5e-4635-afb0-f6489ec6f95b
[DEBUG] -   [Time] Linked a01b4252-be5e-4635-afb0-f6489ec6f95b -> b5fe6284-1be9-4ecb-aecf-1bd3b648194e
[INFO] -   [Step 1-Time] Built 3 temporal edges for new activities.
[INFO] -   [Step 1-Sem] Bound Intent: 'Caroline thinks kids are amazi...' -> Activity
[INFO] -   [Step 1-Sem] Bound Intent: 'Melanie finds her children's r...' -> Activity
[INFO] -   [Step 1-Sem] Bound Intent: 'Caroline thinks Melanie's love...' -> Activity
[INFO] -   [Step 1-Sem] Bound Intent: 'Melanie finds it easier during...' -> Activity
[INFO] -   [Step 1-Sem] Bound Intent: 'Caroline noticed the group had...' -> Activity
[INFO] -   [Step 1-Sem] Established 5 semantic bindings.
[INFO] -   [Step 5-Abs] Detecting dense subgraphs for concept emergence...
[INFO] -   [Step 5-Abs] 🌟 NEW CONCEPT EMERGED: 'Emergent Pattern: User consistently focuses on work' (Abstracting 5 events)
[INFO] - 
--- Processing Batch 48 (10 atoms) ---
[DEBUG] -   [Ingest] Node Created: Nature refreshes us....
[DEBUG] -   [Ingest] Node Created: Caroline is curious about Melanie's expe...
[DEBUG] -   [Ingest] Node Created: Melanie loves spending time with her fam...
[DEBUG] -   [Ingest] Node Created: Camping can bring peace and serenity....
[DEBUG] -   [Ingest] Node Created: Nature can refresh one's soul....
[DEBUG] -   [Ingest] Node Created: Melanie finds value in bonding with her ...
[DEBUG] -   [Ingest] Node Created: Melanie finds nature refreshing and calm...
[DEBUG] -   [Ingest] Node Created: Caroline passed the adoption agency inte...
[DEBUG] -   [Ingest] Node Created: Melanie bought figurines yesterday...
[DEBUG] -   [Ingest] Node Created: Caroline hopes to build her own family....
[DEBUG] -   [Time] Linked b5fe6284-1be9-4ecb-aecf-1bd3b648194e -> f52f0d73-eaf4-4d21-ab29-92ca678f6bcb
[DEBUG] -   [Time] Linked f52f0d73-eaf4-4d21-ab29-92ca678f6bcb -> 0e008905-e851-4fd8-950e-6f352f7bb681
[INFO] -   [Step 1-Time] Built 2 temporal edges for new activities.
[INFO] -   [Step 1-Sem] Bound Intent: 'Caroline is curious about Mela...' -> Activity
[INFO] -   [Step 1-Sem] Bound Intent: 'Melanie finds value in bonding...' -> Activity
[INFO] -   [Step 1-Sem] Bound Intent: 'Melanie finds nature refreshin...' -> Activity
[INFO] -   [Step 1-Sem] Established 3 semantic bindings.
[INFO] - 
--- Processing Batch 49 (10 atoms) ---
[DEBUG] -   [Ingest] Node Created: Caroline wants to provide a home for chi...
[DEBUG] -   [Ingest] Node Created: Caroline believes adoption is a way of g...
[DEBUG] -   [Ingest] Node Created: Giving a home to needy kids is a loving ...
[DEBUG] -   [Ingest] Node Created: Melanie believes the adopted kids will b...
[DEBUG] -   [Ingest] Node Created: Caroline dreams of creating a safe and l...
[DEBUG] -   [Ingest] Node Created: Melanie thinks Caroline is passionate ab...
[DEBUG] -   [Ingest] Node Created: Caroline has achieved self-acceptance....
[DEBUG] -   [Ingest] Node Created: Caroline feels empowered to make a posit...
[DEBUG] -   [Ingest] Node Created: Caroline has experienced a long process ...
[DEBUG] -   [Ingest] Node Created: Melanie respects Caroline for her streng...
[INFO] -   [Step 1-Sem] Established 0 semantic bindings.
[INFO] - 
--- Processing Batch 50 (7 atoms) ---
[DEBUG] -   [Ingest] Node Created: Caroline has experienced difficulty find...
[DEBUG] -   [Ingest] Node Created: Caroline received support from friends, ...
[DEBUG] -   [Ingest] Node Created: Caroline feels joy in bringing comfort a...
[DEBUG] -   [Ingest] Node Created: Caroline finds sharing her journey and h...
[DEBUG] -   [Ingest] Node Created: Melanie expresses support for Caroline...
[DEBUG] -   [Ingest] Node Created: Melanie indicates willingness to support...
[DEBUG] -   [Ingest] Node Created: Caroline values authenticity and honesty...
[DEBUG] -   [Time] Linked 0e008905-e851-4fd8-950e-6f352f7bb681 -> a8139f10-69e3-441e-a26d-d865619e278c
[DEBUG] -   [Time] Linked a8139f10-69e3-441e-a26d-d865619e278c -> 69f641c9-a0f0-4679-a36f-c8465e6927f1
[DEBUG] -   [Time] Linked 69f641c9-a0f0-4679-a36f-c8465e6927f1 -> b299cf51-5f26-4878-9cae-90569d40151a
[INFO] -   [Step 1-Time] Built 3 temporal edges for new activities.
[INFO] -   [Step 1-Sem] Bound Intent: 'Caroline feels joy in bringing...' -> Activity
[INFO] -   [Step 1-Sem] Bound Intent: 'Caroline finds sharing her jou...' -> Activity
[INFO] -   [Step 1-Sem] Established 2 semantic bindings.
